
{"level":40,"time":1680029086856,"pid":22063,"hostname":"cucho-hp","method":"GET","url":"/favicon.ico"}
{"level":40,"time":1680029227249,"pid":22234,"hostname":"cucho-hp","method":"GET","url":"/favicon.ico"}
{"level":40,"time":1680029227452,"pid":22234,"hostname":"cucho-hp","method":"GET","url":"/favicon.ico"}
{"level":40,"time":1680029319780,"pid":22456,"hostname":"cucho-hp","method":"GET","url":"/favicon.ico"}
{"level":40,"time":1680029320024,"pid":22456,"hostname":"cucho-hp","method":"GET","url":"/favicon.ico"}
{"level":40,"time":1680029355948,"pid":22576,"hostname":"cucho-hp","method":"GET","url":"/favicon.ico"}
{"level":40,"time":1680029358442,"pid":22576,"hostname":"cucho-hp","method":"GET","url":"/none"}
{"level":40,"time":1680029358765,"pid":22576,"hostname":"cucho-hp","method":"GET","url":"/favicon.ico"}
{"level":40,"time":1680029442096,"pid":22721,"hostname":"cucho-hp","method":"GET","url":"/login/undefined"}
{"level":40,"time":1680029494186,"pid":22862,"hostname":"cucho-hp","method":"GET","url":"/favicon.ico"}
{"level":40,"time":1680029494389,"pid":22862,"hostname":"cucho-hp","method":"GET","url":"/favicon.ico"}
{"level":40,"time":1680029628486,"pid":23233,"hostname":"cucho-hp","method":"GET","url":"/favicon.ico"}
{"level":40,"time":1680029628815,"pid":23233,"hostname":"cucho-hp","method":"GET","url":"/favicon.ico"}
{"level":40,"time":1680029638383,"pid":23233,"hostname":"cucho-hp","method":"GET","url":"/favicon.ico"}
{"level":40,"time":1680035687079,"pid":24303,"hostname":"cucho-hp","method":"GET","url":"/favicon.ico"}
{"level":40,"time":1680035687516,"pid":24303,"hostname":"cucho-hp","method":"GET","url":"/favicon.ico"}
{"level":40,"time":1680035698634,"pid":24303,"hostname":"cucho-hp","method":"GET","url":"/favicon.ico"}
{"level":40,"time":1680035874367,"pid":24643,"hostname":"cucho-hp","method":"GET","url":"/favicon.ico"}
{"level":40,"time":1680035874696,"pid":24643,"hostname":"cucho-hp","method":"GET","url":"/favicon.ico"}
{"level":40,"time":1680035883410,"pid":24643,"hostname":"cucho-hp","method":"GET","url":"/favicon.ico"}
{"level":40,"time":1680036143215,"pid":24984,"hostname":"cucho-hp","method":"GET","url":"/favicon.ico"}
{"level":40,"time":1680036143602,"pid":24984,"hostname":"cucho-hp","method":"GET","url":"/favicon.ico"}
{"level":40,"time":1680036154210,"pid":24984,"hostname":"cucho-hp","method":"GET","url":"/favicon.ico"}
{"level":40,"time":1680036462302,"pid":25222,"hostname":"cucho-hp","method":"GET","url":"/favicon.ico"}
{"level":40,"time":1680036462632,"pid":25222,"hostname":"cucho-hp","method":"GET","url":"/favicon.ico"}
{"level":40,"time":1680036465741,"pid":25222,"hostname":"cucho-hp","method":"GET","url":"/favicon.ico"}
{"level":40,"time":1684120722312,"pid":7459,"hostname":"cucho-hp","method":"GET","url":"/favicon.ico"}
{"level":40,"time":1684120727721,"pid":7459,"hostname":"cucho-hp","method":"GET","url":"/favicon.ico"}
{"level":40,"time":1684120729740,"pid":7459,"hostname":"cucho-hp","method":"GET","url":"/"}
{"level":40,"time":1684120730058,"pid":7459,"hostname":"cucho-hp","method":"GET","url":"/favicon.ico"}
{"level":40,"time":1684120733045,"pid":7459,"hostname":"cucho-hp","method":"GET","url":"/"}
{"level":40,"time":1684120733414,"pid":7459,"hostname":"cucho-hp","method":"GET","url":"/favicon.ico"}
{"level":40,"time":1684120735449,"pid":7459,"hostname":"cucho-hp","method":"GET","url":"/"}
{"level":40,"time":1684120735706,"pid":7459,"hostname":"cucho-hp","method":"GET","url":"/favicon.ico"}
{"level":40,"time":1684120739947,"pid":7459,"hostname":"cucho-hp","method":"GET","url":"/"}
{"level":40,"time":1684120740316,"pid":7459,"hostname":"cucho-hp","method":"GET","url":"/favicon.ico"}
{"level":40,"time":1684194043361,"pid":6683,"hostname":"cucho-hp","method":"GET","url":"/favicon.ico"}
{"level":40,"time":1684194047380,"pid":6683,"hostname":"cucho-hp","method":"GET","url":"/favicon.ico"}
{"level":40,"time":1684194049627,"pid":6683,"hostname":"cucho-hp","method":"GET","url":"/"}
{"level":40,"time":1684194049908,"pid":6683,"hostname":"cucho-hp","method":"GET","url":"/favicon.ico"}
{"level":40,"time":1684194054654,"pid":6683,"hostname":"cucho-hp","method":"GET","url":"/"}
{"level":40,"time":1684194054757,"pid":6683,"hostname":"cucho-hp","method":"GET","url":"/favicon.ico"}
{"level":40,"time":1684194478318,"pid":7703,"hostname":"cucho-hp","method":"GET","url":"/favicon.ico"}
{"level":40,"time":1684194491747,"pid":7703,"hostname":"cucho-hp","method":"GET","url":"/favicon.ico"}
{"level":40,"time":1684194493736,"pid":7703,"hostname":"cucho-hp","method":"GET","url":"/"}
{"level":40,"time":1684194494018,"pid":7703,"hostname":"cucho-hp","method":"GET","url":"/favicon.ico"}
{"level":40,"time":1684194511828,"pid":7703,"hostname":"cucho-hp","method":"GET","url":"/"}
{"level":40,"time":1684194512213,"pid":7703,"hostname":"cucho-hp","method":"GET","url":"/favicon.ico"}
{"level":40,"time":1684194831554,"pid":8187,"hostname":"cucho-hp","method":"GET","url":"/favicon.ico"}
{"level":40,"time":1684194836603,"pid":8187,"hostname":"cucho-hp","method":"GET","url":"/favicon.ico"}
{"level":40,"time":1684194841844,"pid":8187,"hostname":"cucho-hp","method":"GET","url":"/"}
{"level":40,"time":1684194845416,"pid":8187,"hostname":"cucho-hp","method":"GET","url":"/favicon.ico"}
{"level":40,"time":1684195016601,"pid":8562,"hostname":"cucho-hp","method":"GET","url":"/favicon.ico"}
{"level":40,"time":1684195022012,"pid":8562,"hostname":"cucho-hp","method":"GET","url":"/favicon.ico"}
{"level":40,"time":1684195024079,"pid":8562,"hostname":"cucho-hp","method":"GET","url":"/"}
{"level":40,"time":1684195024486,"pid":8562,"hostname":"cucho-hp","method":"GET","url":"/favicon.ico"}
{"level":40,"time":1684195026877,"pid":8562,"hostname":"cucho-hp","method":"GET","url":"/"}
{"level":40,"time":1684195027117,"pid":8562,"hostname":"cucho-hp","method":"GET","url":"/favicon.ico"}
{"level":40,"time":1684195087399,"pid":8945,"hostname":"cucho-hp","method":"GET","url":"/favicon.ico"}
{"level":40,"time":1684195099472,"pid":8945,"hostname":"cucho-hp","method":"GET","url":"/"}
{"level":40,"time":1684195099754,"pid":8945,"hostname":"cucho-hp","method":"GET","url":"/favicon.ico"}
{"level":40,"time":1684195102041,"pid":8945,"hostname":"cucho-hp","method":"GET","url":"/"}
{"level":40,"time":1684195102301,"pid":8945,"hostname":"cucho-hp","method":"GET","url":"/favicon.ico"}
{"level":40,"time":1684195151012,"pid":9152,"hostname":"cucho-hp","method":"GET","url":"/favicon.ico"}
{"level":40,"time":1684195155253,"pid":9152,"hostname":"cucho-hp","method":"GET","url":"/favicon.ico"}
{"level":40,"time":1684195164721,"pid":9152,"hostname":"cucho-hp","method":"GET","url":"/"}
{"level":40,"time":1684195165094,"pid":9152,"hostname":"cucho-hp","method":"GET","url":"/favicon.ico"}
{"level":40,"time":1684195167245,"pid":9152,"hostname":"cucho-hp","method":"GET","url":"/"}
{"level":40,"time":1684195167553,"pid":9152,"hostname":"cucho-hp","method":"GET","url":"/favicon.ico"}
{"level":40,"time":1684195209120,"pid":9509,"hostname":"cucho-hp","method":"GET","url":"/favicon.ico"}
{"level":40,"time":1684195212788,"pid":9509,"hostname":"cucho-hp","method":"GET","url":"/favicon.ico"}
{"level":40,"time":1684195214844,"pid":9509,"hostname":"cucho-hp","method":"GET","url":"/"}
{"level":40,"time":1684195215105,"pid":9509,"hostname":"cucho-hp","method":"GET","url":"/favicon.ico"}
{"level":40,"time":1684195216884,"pid":9509,"hostname":"cucho-hp","method":"GET","url":"/"}
{"level":40,"time":1684195217102,"pid":9509,"hostname":"cucho-hp","method":"GET","url":"/favicon.ico"}
{"level":40,"time":1684195282143,"pid":9739,"hostname":"cucho-hp","method":"GET","url":"/favicon.ico"}
{"level":40,"time":1684195295735,"pid":9739,"hostname":"cucho-hp","method":"GET","url":"/favicon.ico"}
{"level":40,"time":1684195297704,"pid":9739,"hostname":"cucho-hp","method":"GET","url":"/"}
{"level":40,"time":1684195298003,"pid":9739,"hostname":"cucho-hp","method":"GET","url":"/favicon.ico"}
{"level":40,"time":1684195300725,"pid":9739,"hostname":"cucho-hp","method":"GET","url":"/"}
{"level":40,"time":1684195300949,"pid":9739,"hostname":"cucho-hp","method":"GET","url":"/favicon.ico"}
{"level":40,"time":1684195502682,"pid":10090,"hostname":"cucho-hp","method":"GET","url":"/favicon.ico"}
{"level":40,"time":1684195523934,"pid":10090,"hostname":"cucho-hp","method":"GET","url":"/favicon.ico"}
{"level":40,"time":1684195525962,"pid":10090,"hostname":"cucho-hp","method":"GET","url":"/"}
{"level":40,"time":1684195526236,"pid":10090,"hostname":"cucho-hp","method":"GET","url":"/favicon.ico"}
{"level":40,"time":1684195528385,"pid":10090,"hostname":"cucho-hp","method":"GET","url":"/"}
{"level":40,"time":1684195528628,"pid":10090,"hostname":"cucho-hp","method":"GET","url":"/favicon.ico"}
{"level":40,"time":1684195649737,"pid":10471,"hostname":"cucho-hp","method":"GET","url":"/favicon.ico"}
{"level":40,"time":1684195653732,"pid":10471,"hostname":"cucho-hp","method":"GET","url":"/favicon.ico"}
{"level":40,"time":1684195655706,"pid":10471,"hostname":"cucho-hp","method":"GET","url":"/"}
{"level":40,"time":1684195655965,"pid":10471,"hostname":"cucho-hp","method":"GET","url":"/favicon.ico"}
{"level":40,"time":1684195658034,"pid":10471,"hostname":"cucho-hp","method":"GET","url":"/"}
{"level":40,"time":1684195658343,"pid":10471,"hostname":"cucho-hp","method":"GET","url":"/favicon.ico"}
{"level":40,"time":1684195758200,"pid":10747,"hostname":"cucho-hp","method":"GET","url":"/favicon.ico"}
{"level":40,"time":1684195762297,"pid":10747,"hostname":"cucho-hp","method":"GET","url":"/favicon.ico"}
{"level":40,"time":1684195764316,"pid":10747,"hostname":"cucho-hp","method":"GET","url":"/"}
{"level":40,"time":1684195764570,"pid":10747,"hostname":"cucho-hp","method":"GET","url":"/favicon.ico"}
{"level":40,"time":1684195766465,"pid":10747,"hostname":"cucho-hp","method":"GET","url":"/"}
{"level":40,"time":1684195766772,"pid":10747,"hostname":"cucho-hp","method":"GET","url":"/favicon.ico"}
{"level":40,"time":1684195917500,"pid":11054,"hostname":"cucho-hp","method":"GET","url":"/favicon.ico"}
{"level":40,"time":1684195924157,"pid":11054,"hostname":"cucho-hp","method":"GET","url":"/favicon.ico"}
{"level":40,"time":1684195949594,"pid":11054,"hostname":"cucho-hp","method":"GET","url":"/"}
{"level":40,"time":1684195949801,"pid":11054,"hostname":"cucho-hp","method":"GET","url":"/favicon.ico"}
{"level":40,"time":1684195953933,"pid":11054,"hostname":"cucho-hp","method":"GET","url":"/"}
{"level":40,"time":1684195955230,"pid":11054,"hostname":"cucho-hp","method":"GET","url":"/favicon.ico"}
{"level":40,"time":1684196141633,"pid":12035,"hostname":"cucho-hp","method":"GET","url":"/favicon.ico"}
{"level":40,"time":1684196146322,"pid":12035,"hostname":"cucho-hp","method":"GET","url":"/favicon.ico"}
{"level":40,"time":1684196167050,"pid":12035,"hostname":"cucho-hp","method":"GET","url":"/"}
{"level":40,"time":1684196167359,"pid":12035,"hostname":"cucho-hp","method":"GET","url":"/favicon.ico"}
{"level":40,"time":1684196169312,"pid":12035,"hostname":"cucho-hp","method":"GET","url":"/"}
{"level":40,"time":1684196169580,"pid":12035,"hostname":"cucho-hp","method":"GET","url":"/favicon.ico"}
{"level":40,"time":1684196467258,"pid":12669,"hostname":"cucho-hp","method":"GET","url":"/favicon.ico"}
{"level":40,"time":1684196477464,"pid":12669,"hostname":"cucho-hp","method":"GET","url":"/favicon.ico"}
{"level":40,"time":1684196485440,"pid":12669,"hostname":"cucho-hp","method":"GET","url":"/"}
{"level":40,"time":1684196485742,"pid":12669,"hostname":"cucho-hp","method":"GET","url":"/favicon.ico"}
{"level":40,"time":1684196487966,"pid":12669,"hostname":"cucho-hp","method":"GET","url":"/"}
{"level":40,"time":1684196488400,"pid":12669,"hostname":"cucho-hp","method":"GET","url":"/favicon.ico"}
{"level":40,"time":1684196771622,"pid":13232,"hostname":"cucho-hp","method":"GET","url":"/favicon.ico"}
{"level":40,"time":1684196773512,"pid":13232,"hostname":"cucho-hp","method":"GET","url":"/favicon.ico"}
{"level":40,"time":1684196793043,"pid":13232,"hostname":"cucho-hp","method":"GET","url":"/favicon.ico"}
{"level":40,"time":1684196795045,"pid":13232,"hostname":"cucho-hp","method":"GET","url":"/"}
{"level":40,"time":1684196795293,"pid":13232,"hostname":"cucho-hp","method":"GET","url":"/favicon.ico"}
{"level":40,"time":1684196797960,"pid":13232,"hostname":"cucho-hp","method":"GET","url":"/"}
{"level":40,"time":1684196798367,"pid":13232,"hostname":"cucho-hp","method":"GET","url":"/favicon.ico"}
{"level":40,"time":1684196829752,"pid":13514,"hostname":"cucho-hp","method":"GET","url":"/favicon.ico"}
{"level":40,"time":1684196835505,"pid":13514,"hostname":"cucho-hp","method":"GET","url":"/favicon.ico"}
{"level":40,"time":1684196863012,"pid":13514,"hostname":"cucho-hp","method":"GET","url":"/"}
{"level":40,"time":1684196863909,"pid":13514,"hostname":"cucho-hp","method":"GET","url":"/favicon.ico"}
{"level":40,"time":1684262862653,"pid":5789,"hostname":"cucho-hp","method":"GET","url":"/favicon.ico"}
{"level":40,"time":1684262867038,"pid":5789,"hostname":"cucho-hp","method":"GET","url":"/favicon.ico"}
{"level":40,"time":1684262869033,"pid":5789,"hostname":"cucho-hp","method":"GET","url":"/"}
{"level":40,"time":1684262869317,"pid":5789,"hostname":"cucho-hp","method":"GET","url":"/favicon.ico"}
{"level":40,"time":1684262871438,"pid":5789,"hostname":"cucho-hp","method":"GET","url":"/"}
{"level":40,"time":1684262871745,"pid":5789,"hostname":"cucho-hp","method":"GET","url":"/favicon.ico"}
{"level":40,"time":1684263962793,"pid":7377,"hostname":"cucho-hp","method":"GET","url":"/favicon.ico"}
{"level":40,"time":1684263978452,"pid":7377,"hostname":"cucho-hp","method":"GET","url":"/favicon.ico"}
{"level":40,"time":1684263980458,"pid":7377,"hostname":"cucho-hp","method":"GET","url":"/"}
{"level":40,"time":1684263980710,"pid":7377,"hostname":"cucho-hp","method":"GET","url":"/favicon.ico"}
{"level":40,"time":1684263982271,"pid":7377,"hostname":"cucho-hp","method":"GET","url":"/"}
{"level":40,"time":1684263982524,"pid":7377,"hostname":"cucho-hp","method":"GET","url":"/favicon.ico"}
{"level":40,"time":1684264115113,"pid":7633,"hostname":"cucho-hp","method":"GET","url":"/favicon.ico"}
{"level":40,"time":1684264119453,"pid":7633,"hostname":"cucho-hp","method":"GET","url":"/favicon.ico"}
{"level":40,"time":1684264121434,"pid":7633,"hostname":"cucho-hp","method":"GET","url":"/"}
{"level":40,"time":1684264121727,"pid":7633,"hostname":"cucho-hp","method":"GET","url":"/favicon.ico"}
{"level":40,"time":1684264123370,"pid":7633,"hostname":"cucho-hp","method":"GET","url":"/"}
{"level":40,"time":1684264123637,"pid":7633,"hostname":"cucho-hp","method":"GET","url":"/favicon.ico"}
{"level":40,"time":1684264286728,"pid":7879,"hostname":"cucho-hp","method":"GET","url":"/favicon.ico"}
{"level":40,"time":1684264290981,"pid":7879,"hostname":"cucho-hp","method":"GET","url":"/favicon.ico"}
{"level":40,"time":1684264292918,"pid":7879,"hostname":"cucho-hp","method":"GET","url":"/"}
{"level":40,"time":1684264293213,"pid":7879,"hostname":"cucho-hp","method":"GET","url":"/favicon.ico"}
{"level":40,"time":1684264295778,"pid":7879,"hostname":"cucho-hp","method":"GET","url":"/"}
{"level":40,"time":1684264296099,"pid":7879,"hostname":"cucho-hp","method":"GET","url":"/favicon.ico"}
{"level":50,"time":1684264389901,"pid":8082,"hostname":"cucho-hp","err":{"type":"TypeError","message":"Cannot destructure property 'user' of 'req.session.passport' as it is undefined.","stack":"TypeError: Cannot destructure property 'user' of 'req.session.passport' as it is undefined.\n    at file:///home/porlanagustin/Programacion/CoderhouseBackend/backend/Proyecto%20Final/src/routes/routes.js:54:15\n    at Layer.handle [as handle_request] (/home/porlanagustin/Programacion/CoderhouseBackend/backend/Proyecto Final/node_modules/express/lib/router/layer.js:95:5)\n    at next (/home/porlanagustin/Programacion/CoderhouseBackend/backend/Proyecto Final/node_modules/express/lib/router/route.js:144:13)\n    at Route.dispatch (/home/porlanagustin/Programacion/CoderhouseBackend/backend/Proyecto Final/node_modules/express/lib/router/route.js:114:3)\n    at Layer.handle [as handle_request] (/home/porlanagustin/Programacion/CoderhouseBackend/backend/Proyecto Final/node_modules/express/lib/router/layer.js:95:5)\n    at /home/porlanagustin/Programacion/CoderhouseBackend/backend/Proyecto Final/node_modules/express/lib/router/index.js:284:15\n    at Function.process_params (/home/porlanagustin/Programacion/CoderhouseBackend/backend/Proyecto Final/node_modules/express/lib/router/index.js:346:12)\n    at next (/home/porlanagustin/Programacion/CoderhouseBackend/backend/Proyecto Final/node_modules/express/lib/router/index.js:280:10)\n    at Function.handle (/home/porlanagustin/Programacion/CoderhouseBackend/backend/Proyecto Final/node_modules/express/lib/router/index.js:175:3)\n    at router (/home/porlanagustin/Programacion/CoderhouseBackend/backend/Proyecto Final/node_modules/express/lib/router/index.js:47:12)"},"msg":"Cannot destructure property 'user' of 'req.session.passport' as it is undefined."}
{"level":40,"time":1684264390179,"pid":8082,"hostname":"cucho-hp","method":"GET","url":"/favicon.ico"}
{"level":40,"time":1684264393685,"pid":8082,"hostname":"cucho-hp","method":"GET","url":"/favicon.ico"}
{"level":40,"time":1684264398090,"pid":8082,"hostname":"cucho-hp","method":"GET","url":"/favicon.ico"}
{"level":40,"time":1684264400065,"pid":8082,"hostname":"cucho-hp","method":"GET","url":"/"}
{"level":40,"time":1684264400370,"pid":8082,"hostname":"cucho-hp","method":"GET","url":"/favicon.ico"}
{"level":40,"time":1684264401880,"pid":8082,"hostname":"cucho-hp","method":"GET","url":"/"}
{"level":40,"time":1684264402128,"pid":8082,"hostname":"cucho-hp","method":"GET","url":"/favicon.ico"}
{"level":40,"time":1684264448178,"pid":8271,"hostname":"cucho-hp","method":"GET","url":"/favicon.ico"}
{"level":40,"time":1684264453080,"pid":8271,"hostname":"cucho-hp","method":"GET","url":"/favicon.ico"}
{"level":40,"time":1684264455014,"pid":8271,"hostname":"cucho-hp","method":"GET","url":"/"}
{"level":40,"time":1684264455333,"pid":8271,"hostname":"cucho-hp","method":"GET","url":"/favicon.ico"}
{"level":40,"time":1684264457279,"pid":8271,"hostname":"cucho-hp","method":"GET","url":"/"}
{"level":40,"time":1684264457536,"pid":8271,"hostname":"cucho-hp","method":"GET","url":"/favicon.ico"}
{"level":40,"time":1684264487159,"pid":8511,"hostname":"cucho-hp","method":"GET","url":"/favicon.ico"}
{"level":40,"time":1684264491385,"pid":8511,"hostname":"cucho-hp","method":"GET","url":"/favicon.ico"}
{"level":40,"time":1684264493377,"pid":8511,"hostname":"cucho-hp","method":"GET","url":"/"}
{"level":40,"time":1684264493648,"pid":8511,"hostname":"cucho-hp","method":"GET","url":"/favicon.ico"}
{"level":40,"time":1684264495270,"pid":8511,"hostname":"cucho-hp","method":"GET","url":"/"}
{"level":40,"time":1684264495577,"pid":8511,"hostname":"cucho-hp","method":"GET","url":"/favicon.ico"}
{"level":40,"time":1684264925627,"pid":8820,"hostname":"cucho-hp","method":"GET","url":"/favicon.ico"}
{"level":40,"time":1684264930389,"pid":8820,"hostname":"cucho-hp","method":"GET","url":"/favicon.ico"}
{"level":40,"time":1684264932376,"pid":8820,"hostname":"cucho-hp","method":"GET","url":"/"}
{"level":40,"time":1684264932656,"pid":8820,"hostname":"cucho-hp","method":"GET","url":"/favicon.ico"}
{"level":40,"time":1684264935400,"pid":8820,"hostname":"cucho-hp","method":"GET","url":"/"}
{"level":40,"time":1684264935704,"pid":8820,"hostname":"cucho-hp","method":"GET","url":"/favicon.ico"}
{"level":40,"time":1684265082954,"pid":9310,"hostname":"cucho-hp","method":"GET","url":"/favicon.ico"}
{"level":40,"time":1684265087261,"pid":9310,"hostname":"cucho-hp","method":"GET","url":"/favicon.ico"}
{"level":40,"time":1684265089231,"pid":9310,"hostname":"cucho-hp","method":"GET","url":"/"}
{"level":40,"time":1684265089521,"pid":9310,"hostname":"cucho-hp","method":"GET","url":"/favicon.ico"}
{"level":40,"time":1684265091418,"pid":9310,"hostname":"cucho-hp","method":"GET","url":"/"}
{"level":40,"time":1684265091654,"pid":9310,"hostname":"cucho-hp","method":"GET","url":"/favicon.ico"}
{"level":40,"time":1684265189324,"pid":9681,"hostname":"cucho-hp","method":"GET","url":"/favicon.ico"}
{"level":40,"time":1684265321355,"pid":9834,"hostname":"cucho-hp","method":"GET","url":"/favicon.ico"}
{"level":40,"time":1684265324716,"pid":9834,"hostname":"cucho-hp","method":"GET","url":"/favicon.ico"}
{"level":40,"time":1684265326729,"pid":9834,"hostname":"cucho-hp","method":"GET","url":"/"}
{"level":40,"time":1684265326997,"pid":9834,"hostname":"cucho-hp","method":"GET","url":"/favicon.ico"}
{"level":40,"time":1684265328566,"pid":9834,"hostname":"cucho-hp","method":"GET","url":"/"}
{"level":40,"time":1684265328790,"pid":9834,"hostname":"cucho-hp","method":"GET","url":"/favicon.ico"}
{"level":40,"time":1684265350793,"pid":10087,"hostname":"cucho-hp","method":"GET","url":"/favicon.ico"}
{"level":40,"time":1684265354529,"pid":10087,"hostname":"cucho-hp","method":"GET","url":"/favicon.ico"}
{"level":40,"time":1684265356503,"pid":10087,"hostname":"cucho-hp","method":"GET","url":"/"}
{"level":40,"time":1684265356764,"pid":10087,"hostname":"cucho-hp","method":"GET","url":"/favicon.ico"}
{"level":40,"time":1684265358216,"pid":10087,"hostname":"cucho-hp","method":"GET","url":"/"}
{"level":40,"time":1684265358402,"pid":10087,"hostname":"cucho-hp","method":"GET","url":"/favicon.ico"}
{"level":40,"time":1684265395936,"pid":10233,"hostname":"cucho-hp","method":"GET","url":"/favicon.ico"}
{"level":40,"time":1684265399688,"pid":10233,"hostname":"cucho-hp","method":"GET","url":"/favicon.ico"}
{"level":40,"time":1684265401595,"pid":10233,"hostname":"cucho-hp","method":"GET","url":"/"}
{"level":40,"time":1684265401865,"pid":10233,"hostname":"cucho-hp","method":"GET","url":"/favicon.ico"}
{"level":40,"time":1684265403293,"pid":10233,"hostname":"cucho-hp","method":"GET","url":"/"}
{"level":40,"time":1684265403545,"pid":10233,"hostname":"cucho-hp","method":"GET","url":"/favicon.ico"}
{"level":40,"time":1684265433683,"pid":10233,"hostname":"cucho-hp","method":"GET","url":"/favicon.ico"}
{"level":40,"time":1684265435335,"pid":10233,"hostname":"cucho-hp","method":"GET","url":"/"}
{"level":40,"time":1684265435629,"pid":10233,"hostname":"cucho-hp","method":"GET","url":"/favicon.ico"}
{"level":40,"time":1684265437677,"pid":10233,"hostname":"cucho-hp","method":"GET","url":"/"}
{"level":40,"time":1684265437988,"pid":10233,"hostname":"cucho-hp","method":"GET","url":"/favicon.ico"}
{"level":40,"time":1684265482877,"pid":10564,"hostname":"cucho-hp","method":"GET","url":"/favicon.ico"}
{"level":40,"time":1684265491710,"pid":10564,"hostname":"cucho-hp","method":"GET","url":"/favicon.ico"}
{"level":40,"time":1684265493714,"pid":10564,"hostname":"cucho-hp","method":"GET","url":"/"}
{"level":40,"time":1684265494034,"pid":10564,"hostname":"cucho-hp","method":"GET","url":"/favicon.ico"}
{"level":40,"time":1684265495654,"pid":10564,"hostname":"cucho-hp","method":"GET","url":"/"}
{"level":40,"time":1684265495943,"pid":10564,"hostname":"cucho-hp","method":"GET","url":"/favicon.ico"}
{"level":40,"time":1684265497199,"pid":10564,"hostname":"cucho-hp","method":"GET","url":"/"}
{"level":40,"time":1684265497443,"pid":10564,"hostname":"cucho-hp","method":"GET","url":"/favicon.ico"}
{"level":40,"time":1684265497861,"pid":10564,"hostname":"cucho-hp","method":"GET","url":"/"}
{"level":40,"time":1684265498084,"pid":10564,"hostname":"cucho-hp","method":"GET","url":"/favicon.ico"}
{"level":40,"time":1684265603983,"pid":10895,"hostname":"cucho-hp","method":"GET","url":"/favicon.ico"}
{"level":40,"time":1684265608278,"pid":10895,"hostname":"cucho-hp","method":"GET","url":"/favicon.ico"}
{"level":40,"time":1684265610382,"pid":10895,"hostname":"cucho-hp","method":"GET","url":"/"}
{"level":40,"time":1684265610640,"pid":10895,"hostname":"cucho-hp","method":"GET","url":"/favicon.ico"}
{"level":40,"time":1684265615648,"pid":10895,"hostname":"cucho-hp","method":"GET","url":"/"}
{"level":40,"time":1684265615954,"pid":10895,"hostname":"cucho-hp","method":"GET","url":"/favicon.ico"}
{"level":40,"time":1684265655071,"pid":10895,"hostname":"cucho-hp","method":"GET","url":"/favicon.ico"}
{"level":40,"time":1684266019338,"pid":11366,"hostname":"cucho-hp","method":"GET","url":"/favicon.ico"}
{"level":40,"time":1684266023820,"pid":11366,"hostname":"cucho-hp","method":"GET","url":"/favicon.ico"}
{"level":40,"time":1684266025814,"pid":11366,"hostname":"cucho-hp","method":"GET","url":"/"}
{"level":40,"time":1684266026149,"pid":11366,"hostname":"cucho-hp","method":"GET","url":"/favicon.ico"}
{"level":40,"time":1684266029243,"pid":11366,"hostname":"cucho-hp","method":"GET","url":"/"}
{"level":40,"time":1684266029555,"pid":11366,"hostname":"cucho-hp","method":"GET","url":"/favicon.ico"}
{"level":40,"time":1684266071633,"pid":11558,"hostname":"cucho-hp","method":"GET","url":"/favicon.ico"}
{"level":40,"time":1684266075208,"pid":11558,"hostname":"cucho-hp","method":"GET","url":"/favicon.ico"}
{"level":40,"time":1684266077174,"pid":11558,"hostname":"cucho-hp","method":"GET","url":"/"}
{"level":40,"time":1684266077451,"pid":11558,"hostname":"cucho-hp","method":"GET","url":"/favicon.ico"}
{"level":40,"time":1684266079114,"pid":11558,"hostname":"cucho-hp","method":"GET","url":"/"}
{"level":40,"time":1684266079420,"pid":11558,"hostname":"cucho-hp","method":"GET","url":"/favicon.ico"}
{"level":40,"time":1684266081021,"pid":11558,"hostname":"cucho-hp","method":"GET","url":"/favicon.ico"}
{"level":40,"time":1684266082000,"pid":11558,"hostname":"cucho-hp","method":"GET","url":"/"}
{"level":40,"time":1684266082275,"pid":11558,"hostname":"cucho-hp","method":"GET","url":"/favicon.ico"}
{"level":40,"time":1684279170469,"pid":17021,"hostname":"cucho-hp","method":"GET","url":"/favicon.ico"}
{"level":40,"time":1684279174376,"pid":17021,"hostname":"cucho-hp","method":"GET","url":"/favicon.ico"}
{"level":40,"time":1684279176482,"pid":17021,"hostname":"cucho-hp","method":"GET","url":"/"}
{"level":40,"time":1684279176795,"pid":17021,"hostname":"cucho-hp","method":"GET","url":"/favicon.ico"}
{"level":40,"time":1684279181741,"pid":17021,"hostname":"cucho-hp","method":"GET","url":"/"}
{"level":40,"time":1684279182004,"pid":17021,"hostname":"cucho-hp","method":"GET","url":"/favicon.ico"}
{"level":40,"time":1684279184755,"pid":17021,"hostname":"cucho-hp","method":"GET","url":"/favicon.ico"}
{"level":40,"time":1684279185730,"pid":17021,"hostname":"cucho-hp","method":"GET","url":"/"}
{"level":40,"time":1684279186054,"pid":17021,"hostname":"cucho-hp","method":"GET","url":"/favicon.ico"}
{"level":40,"time":1684279193719,"pid":17021,"hostname":"cucho-hp","method":"GET","url":"/"}
{"level":40,"time":1684279196645,"pid":17021,"hostname":"cucho-hp","method":"GET","url":"/"}
{"level":40,"time":1684279197162,"pid":17021,"hostname":"cucho-hp","method":"GET","url":"/"}
{"level":40,"time":1684279197460,"pid":17021,"hostname":"cucho-hp","method":"GET","url":"/favicon.ico"}
{"level":40,"time":1684279314282,"pid":17470,"hostname":"cucho-hp","method":"GET","url":"/favicon.ico"}
{"level":40,"time":1684279330985,"pid":17470,"hostname":"cucho-hp","method":"GET","url":"/favicon.ico"}
{"level":40,"time":1684279332748,"pid":17470,"hostname":"cucho-hp","method":"GET","url":"/"}
{"level":40,"time":1684279333137,"pid":17470,"hostname":"cucho-hp","method":"GET","url":"/favicon.ico"}
{"level":40,"time":1684279337946,"pid":17470,"hostname":"cucho-hp","method":"GET","url":"/"}
{"level":40,"time":1684279338047,"pid":17470,"hostname":"cucho-hp","method":"GET","url":"/favicon.ico"}
{"level":40,"time":1684279340405,"pid":17470,"hostname":"cucho-hp","method":"GET","url":"/favicon.ico"}
{"level":40,"time":1684279341529,"pid":17470,"hostname":"cucho-hp","method":"GET","url":"/"}
{"level":40,"time":1684279341733,"pid":17470,"hostname":"cucho-hp","method":"GET","url":"/favicon.ico"}
{"level":40,"time":1684279838410,"pid":19306,"hostname":"cucho-hp","method":"GET","url":"/favicon.ico"}
{"level":40,"time":1684279851735,"pid":19306,"hostname":"cucho-hp","method":"GET","url":"/favicon.ico"}
{"level":40,"time":1684279853834,"pid":19306,"hostname":"cucho-hp","method":"GET","url":"/"}
{"level":40,"time":1684279854122,"pid":19306,"hostname":"cucho-hp","method":"GET","url":"/favicon.ico"}
{"level":40,"time":1684279978211,"pid":19669,"hostname":"cucho-hp","method":"GET","url":"/favicon.ico"}
{"level":40,"time":1684279984115,"pid":19669,"hostname":"cucho-hp","method":"GET","url":"/favicon.ico"}
{"level":40,"time":1684279988348,"pid":19669,"hostname":"cucho-hp","method":"GET","url":"/"}
{"level":40,"time":1684279989388,"pid":19669,"hostname":"cucho-hp","method":"GET","url":"/favicon.ico"}
{"level":40,"time":1684280066994,"pid":19669,"hostname":"cucho-hp","method":"GET","url":"/"}
{"level":40,"time":1684280067302,"pid":19669,"hostname":"cucho-hp","method":"GET","url":"/favicon.ico"}
{"level":40,"time":1684280145613,"pid":19669,"hostname":"cucho-hp","method":"GET","url":"/"}
{"level":40,"time":1684280145929,"pid":19669,"hostname":"cucho-hp","method":"GET","url":"/favicon.ico"}
{"level":40,"time":1684280160102,"pid":19669,"hostname":"cucho-hp","method":"GET","url":"/"}
{"level":40,"time":1684280160441,"pid":19669,"hostname":"cucho-hp","method":"GET","url":"/favicon.ico"}
{"level":50,"time":1684281023741,"pid":21239,"hostname":"cucho-hp","err":{"type":"TypeError","message":"Cannot destructure property 'user' of 'req.session.passport' as it is undefined.","stack":"TypeError: Cannot destructure property 'user' of 'req.session.passport' as it is undefined.\n    at file:///home/porlanagustin/Programacion/CoderhouseBackend/backend/Proyecto%20Final/src/routes/routes.js:31:13\n    at Layer.handle [as handle_request] (/home/porlanagustin/Programacion/CoderhouseBackend/backend/Proyecto Final/node_modules/express/lib/router/layer.js:95:5)\n    at next (/home/porlanagustin/Programacion/CoderhouseBackend/backend/Proyecto Final/node_modules/express/lib/router/route.js:144:13)\n    at Route.dispatch (/home/porlanagustin/Programacion/CoderhouseBackend/backend/Proyecto Final/node_modules/express/lib/router/route.js:114:3)\n    at Layer.handle [as handle_request] (/home/porlanagustin/Programacion/CoderhouseBackend/backend/Proyecto Final/node_modules/express/lib/router/layer.js:95:5)\n    at /home/porlanagustin/Programacion/CoderhouseBackend/backend/Proyecto Final/node_modules/express/lib/router/index.js:284:15\n    at Function.process_params (/home/porlanagustin/Programacion/CoderhouseBackend/backend/Proyecto Final/node_modules/express/lib/router/index.js:346:12)\n    at next (/home/porlanagustin/Programacion/CoderhouseBackend/backend/Proyecto Final/node_modules/express/lib/router/index.js:280:10)\n    at Function.handle (/home/porlanagustin/Programacion/CoderhouseBackend/backend/Proyecto Final/node_modules/express/lib/router/index.js:175:3)\n    at router (/home/porlanagustin/Programacion/CoderhouseBackend/backend/Proyecto Final/node_modules/express/lib/router/index.js:47:12)"},"msg":"Cannot destructure property 'user' of 'req.session.passport' as it is undefined."}
{"level":40,"time":1684281027485,"pid":21239,"hostname":"cucho-hp","method":"GET","url":"/favicon.ico"}
{"level":40,"time":1684281031227,"pid":21239,"hostname":"cucho-hp","method":"GET","url":"/favicon.ico"}
{"level":40,"time":1684281033280,"pid":21239,"hostname":"cucho-hp","method":"GET","url":"/"}
{"level":40,"time":1684281033578,"pid":21239,"hostname":"cucho-hp","method":"GET","url":"/favicon.ico"}
{"level":40,"time":1684281059385,"pid":21239,"hostname":"cucho-hp","method":"GET","url":"/favicon.ico"}
{"level":40,"time":1684281061944,"pid":21239,"hostname":"cucho-hp","method":"GET","url":"/"}
{"level":40,"time":1684281062150,"pid":21239,"hostname":"cucho-hp","method":"GET","url":"/favicon.ico"}
{"level":40,"time":1684282534450,"pid":22486,"hostname":"cucho-hp","method":"GET","url":"/favicon.ico"}
{"level":40,"time":1684282538546,"pid":22486,"hostname":"cucho-hp","method":"GET","url":"/favicon.ico"}
{"level":40,"time":1684282540447,"pid":22486,"hostname":"cucho-hp","method":"GET","url":"/"}
{"level":40,"time":1684282540753,"pid":22486,"hostname":"cucho-hp","method":"GET","url":"/favicon.ico"}
{"level":40,"time":1684282553673,"pid":22638,"hostname":"cucho-hp","method":"GET","url":"/favicon.ico"}
{"level":40,"time":1684282580985,"pid":22853,"hostname":"cucho-hp","method":"GET","url":"/favicon.ico"}
{"level":40,"time":1684282585599,"pid":22853,"hostname":"cucho-hp","method":"GET","url":"/favicon.ico"}
{"level":40,"time":1684282589117,"pid":22853,"hostname":"cucho-hp","method":"GET","url":"/"}
{"level":40,"time":1684282589395,"pid":22853,"hostname":"cucho-hp","method":"GET","url":"/favicon.ico"}
{"level":40,"time":1684283120455,"pid":23590,"hostname":"cucho-hp","method":"GET","url":"/favicon.ico"}
{"level":40,"time":1684283126804,"pid":23590,"hostname":"cucho-hp","method":"GET","url":"/favicon.ico"}
{"level":40,"time":1684283145231,"pid":23590,"hostname":"cucho-hp","method":"GET","url":"/"}
{"level":40,"time":1684283145581,"pid":23590,"hostname":"cucho-hp","method":"GET","url":"/favicon.ico"}
{"level":40,"time":1684283148361,"pid":23590,"hostname":"cucho-hp","method":"GET","url":"/"}
{"level":40,"time":1684283148676,"pid":23590,"hostname":"cucho-hp","method":"GET","url":"/favicon.ico"}
{"level":40,"time":1684283152475,"pid":23590,"hostname":"cucho-hp","method":"GET","url":"/favicon.ico"}
{"level":40,"time":1684283157167,"pid":23590,"hostname":"cucho-hp","method":"GET","url":"/"}
{"level":40,"time":1684283157680,"pid":23590,"hostname":"cucho-hp","method":"GET","url":"/"}
{"level":40,"time":1684283157884,"pid":23590,"hostname":"cucho-hp","method":"GET","url":"/favicon.ico"}
{"level":40,"time":1684283349565,"pid":24010,"hostname":"cucho-hp","method":"GET","url":"/favicon.ico"}
{"level":40,"time":1684283353785,"pid":24010,"hostname":"cucho-hp","method":"GET","url":"/favicon.ico"}
{"level":40,"time":1684283355741,"pid":24010,"hostname":"cucho-hp","method":"GET","url":"/"}
{"level":40,"time":1684283356011,"pid":24010,"hostname":"cucho-hp","method":"GET","url":"/favicon.ico"}
{"level":50,"time":1684283358188,"pid":24010,"hostname":"cucho-hp","err":{"type":"TypeError","message":"cartManager.findByIdAndUpdate is not a function","stack":"TypeError: cartManager.findByIdAndUpdate is not a function\n    at file:///home/porlanagustin/Programacion/CoderhouseBackend/backend/Proyecto%20Final/src/routes/routes.js:63:27\n    at process.processTicksAndRejections (node:internal/process/task_queues:95:5)"},"msg":"cartManager.findByIdAndUpdate is not a function"}
{"level":40,"time":1684283358595,"pid":24010,"hostname":"cucho-hp","method":"GET","url":"/favicon.ico"}
{"level":40,"time":1684283390443,"pid":24197,"hostname":"cucho-hp","method":"GET","url":"/favicon.ico"}
{"level":40,"time":1684283394299,"pid":24197,"hostname":"cucho-hp","method":"GET","url":"/favicon.ico"}
{"level":40,"time":1684283399349,"pid":24197,"hostname":"cucho-hp","method":"GET","url":"/"}
{"level":40,"time":1684283424414,"pid":24197,"hostname":"cucho-hp","method":"GET","url":"/"}
{"level":40,"time":1684283424658,"pid":24197,"hostname":"cucho-hp","method":"GET","url":"/favicon.ico"}
{"level":40,"time":1684283450155,"pid":24197,"hostname":"cucho-hp","method":"GET","url":"/favicon.ico"}
{"level":40,"time":1684283451907,"pid":24197,"hostname":"cucho-hp","method":"GET","url":"/"}
{"level":40,"time":1684283452124,"pid":24197,"hostname":"cucho-hp","method":"GET","url":"/favicon.ico"}
{"level":40,"time":1684283484387,"pid":24587,"hostname":"cucho-hp","method":"GET","url":"/favicon.ico"}
{"level":40,"time":1684283488641,"pid":24587,"hostname":"cucho-hp","method":"GET","url":"/favicon.ico"}
{"level":40,"time":1684283490649,"pid":24587,"hostname":"cucho-hp","method":"GET","url":"/"}
{"level":40,"time":1684283490928,"pid":24587,"hostname":"cucho-hp","method":"GET","url":"/favicon.ico"}
{"level":40,"time":1684283499012,"pid":24587,"hostname":"cucho-hp","method":"GET","url":"/"}
{"level":40,"time":1684283499295,"pid":24587,"hostname":"cucho-hp","method":"GET","url":"/favicon.ico"}
{"level":40,"time":1684284902330,"pid":25468,"hostname":"cucho-hp","method":"GET","url":"/favicon.ico"}
{"level":40,"time":1684284906395,"pid":25468,"hostname":"cucho-hp","method":"GET","url":"/favicon.ico"}
{"level":40,"time":1684284908458,"pid":25468,"hostname":"cucho-hp","method":"GET","url":"/"}
{"level":40,"time":1684284908719,"pid":25468,"hostname":"cucho-hp","method":"GET","url":"/favicon.ico"}
{"level":40,"time":1684284910702,"pid":25468,"hostname":"cucho-hp","method":"GET","url":"/"}
{"level":40,"time":1684284911008,"pid":25468,"hostname":"cucho-hp","method":"GET","url":"/favicon.ico"}
{"level":40,"time":1684284931693,"pid":25468,"hostname":"cucho-hp","method":"GET","url":"/favicon.ico"}
{"level":40,"time":1684284932638,"pid":25468,"hostname":"cucho-hp","method":"GET","url":"/"}
{"level":40,"time":1684284932922,"pid":25468,"hostname":"cucho-hp","method":"GET","url":"/favicon.ico"}
{"level":40,"time":1684284937120,"pid":25468,"hostname":"cucho-hp","method":"GET","url":"/"}
{"level":40,"time":1684284937429,"pid":25468,"hostname":"cucho-hp","method":"GET","url":"/favicon.ico"}
