{"level":40,"time":1680025236430,"pid":15420,"hostname":"cucho-hp","method":"GET","url":"/"}
{"level":40,"time":1680025237002,"pid":15420,"hostname":"cucho-hp","method":"GET","url":"/favicon.ico"}
{"level":40,"time":1680025238274,"pid":15420,"hostname":"cucho-hp","method":"GET","url":"/favicon.ico"}
{"level":40,"time":1680025238477,"pid":15420,"hostname":"cucho-hp","method":"GET","url":"/favicon.ico"}
{"level":40,"time":1680025261268,"pid":15420,"hostname":"cucho-hp","method":"GET","url":"/favicon.ico"}
{"level":40,"time":1680025262693,"pid":15420,"hostname":"cucho-hp","method":"GET","url":"/favicon.ico"}
{"level":40,"time":1680025262905,"pid":15420,"hostname":"cucho-hp","method":"GET","url":"/favicon.ico"}
{"level":40,"time":1680025300407,"pid":15420,"hostname":"cucho-hp","method":"GET","url":"/favicon.ico"}
{"level":50,"time":1680025332078,"pid":15420,"hostname":"cucho-hp","err":{"type":"TypeError","message":"Cannot destructure property 'user' of 'req.session.passport' as it is undefined.","stack":"TypeError: Cannot destructure property 'user' of 'req.session.passport' as it is undefined.\n    at file:///home/porlanagustin/Programacion/CoderhouseBackend/backend/Tercera%20entrega%20del%20proyecto%20final/src/routes/routes.js:36:13\n    at Layer.handle [as handle_request] (/home/porlanagustin/Programacion/CoderhouseBackend/backend/Tercera entrega del proyecto final/node_modules/express/lib/router/layer.js:95:5)\n    at next (/home/porlanagustin/Programacion/CoderhouseBackend/backend/Tercera entrega del proyecto final/node_modules/express/lib/router/route.js:144:13)\n    at Route.dispatch (/home/porlanagustin/Programacion/CoderhouseBackend/backend/Tercera entrega del proyecto final/node_modules/express/lib/router/route.js:114:3)\n    at Layer.handle [as handle_request] (/home/porlanagustin/Programacion/CoderhouseBackend/backend/Tercera entrega del proyecto final/node_modules/express/lib/router/layer.js:95:5)\n    at /home/porlanagustin/Programacion/CoderhouseBackend/backend/Tercera entrega del proyecto final/node_modules/express/lib/router/index.js:284:15\n    at Function.process_params (/home/porlanagustin/Programacion/CoderhouseBackend/backend/Tercera entrega del proyecto final/node_modules/express/lib/router/index.js:346:12)\n    at next (/home/porlanagustin/Programacion/CoderhouseBackend/backend/Tercera entrega del proyecto final/node_modules/express/lib/router/index.js:280:10)\n    at Function.handle (/home/porlanagustin/Programacion/CoderhouseBackend/backend/Tercera entrega del proyecto final/node_modules/express/lib/router/index.js:175:3)\n    at router (/home/porlanagustin/Programacion/CoderhouseBackend/backend/Tercera entrega del proyecto final/node_modules/express/lib/router/index.js:47:12)"},"msg":"Cannot destructure property 'user' of 'req.session.passport' as it is undefined."}
{"level":40,"time":1680025346261,"pid":15420,"hostname":"cucho-hp","method":"GET","url":"/login/productis"}
{"level":40,"time":1680025346422,"pid":15420,"hostname":"cucho-hp","method":"GET","url":"/favicon.ico"}
{"level":40,"time":1680025348040,"pid":15420,"hostname":"cucho-hp","method":"GET","url":"/favicon.ico"}
{"level":40,"time":1680025348245,"pid":15420,"hostname":"cucho-hp","method":"GET","url":"/favicon.ico"}
{"level":50,"time":1680025356935,"pid":15420,"hostname":"cucho-hp","err":{"type":"TypeError","message":"Cannot destructure property 'user' of 'req.session.passport' as it is undefined.","stack":"TypeError: Cannot destructure property 'user' of 'req.session.passport' as it is undefined.\n    at file:///home/porlanagustin/Programacion/CoderhouseBackend/backend/Tercera%20entrega%20del%20proyecto%20final/src/routes/routes.js:51:15\n    at Layer.handle [as handle_request] (/home/porlanagustin/Programacion/CoderhouseBackend/backend/Tercera entrega del proyecto final/node_modules/express/lib/router/layer.js:95:5)\n    at next (/home/porlanagustin/Programacion/CoderhouseBackend/backend/Tercera entrega del proyecto final/node_modules/express/lib/router/route.js:144:13)\n    at Route.dispatch (/home/porlanagustin/Programacion/CoderhouseBackend/backend/Tercera entrega del proyecto final/node_modules/express/lib/router/route.js:114:3)\n    at Layer.handle [as handle_request] (/home/porlanagustin/Programacion/CoderhouseBackend/backend/Tercera entrega del proyecto final/node_modules/express/lib/router/layer.js:95:5)\n    at /home/porlanagustin/Programacion/CoderhouseBackend/backend/Tercera entrega del proyecto final/node_modules/express/lib/router/index.js:284:15\n    at Function.process_params (/home/porlanagustin/Programacion/CoderhouseBackend/backend/Tercera entrega del proyecto final/node_modules/express/lib/router/index.js:346:12)\n    at next (/home/porlanagustin/Programacion/CoderhouseBackend/backend/Tercera entrega del proyecto final/node_modules/express/lib/router/index.js:280:10)\n    at Function.handle (/home/porlanagustin/Programacion/CoderhouseBackend/backend/Tercera entrega del proyecto final/node_modules/express/lib/router/index.js:175:3)\n    at router (/home/porlanagustin/Programacion/CoderhouseBackend/backend/Tercera entrega del proyecto final/node_modules/express/lib/router/index.js:47:12)"},"msg":"Cannot destructure property 'user' of 'req.session.passport' as it is undefined."}
{"level":40,"time":1680026175617,"pid":17860,"hostname":"cucho-hp","method":"GET","url":"/"}
{"level":40,"time":1680026176143,"pid":17860,"hostname":"cucho-hp","method":"GET","url":"/favicon.ico"}
{"level":40,"time":1680026177424,"pid":17860,"hostname":"cucho-hp","method":"GET","url":"/favicon.ico"}
{"level":40,"time":1680026177635,"pid":17860,"hostname":"cucho-hp","method":"GET","url":"/favicon.ico"}
{"level":40,"time":1680026232064,"pid":18048,"hostname":"cucho-hp","method":"GET","url":"/favicon.ico"}
{"level":40,"time":1680026232287,"pid":18048,"hostname":"cucho-hp","method":"GET","url":"/favicon.ico"}
{"level":40,"time":1680026242445,"pid":18048,"hostname":"cucho-hp","method":"GET","url":"/favicon.ico"}
{"level":40,"time":1680026242654,"pid":18048,"hostname":"cucho-hp","method":"GET","url":"/favicon.ico"}
{"level":40,"time":1680026300372,"pid":18201,"hostname":"cucho-hp","method":"GET","url":"/favicon.ico"}
{"level":40,"time":1680026300620,"pid":18201,"hostname":"cucho-hp","method":"GET","url":"/favicon.ico"}
{"level":40,"time":1680026333865,"pid":18302,"hostname":"cucho-hp","method":"GET","url":"/favicon.ico"}
{"level":40,"time":1680026334093,"pid":18302,"hostname":"cucho-hp","method":"GET","url":"/favicon.ico"}
{"level":40,"time":1680026562704,"pid":18579,"hostname":"cucho-hp","method":"GET","url":"/favicon.ico"}
{"level":40,"time":1680026563045,"pid":18579,"hostname":"cucho-hp","method":"GET","url":"/favicon.ico"}
{"level":40,"time":1680027297958,"pid":18891,"hostname":"cucho-hp","method":"GET","url":"/favicon.ico"}
{"level":40,"time":1680027298147,"pid":18891,"hostname":"cucho-hp","method":"GET","url":"/favicon.ico"}
{"level":40,"time":1680027316649,"pid":18891,"hostname":"cucho-hp","method":"GET","url":"/favicon.ico"}
{"level":40,"time":1680027367247,"pid":19069,"hostname":"cucho-hp","method":"GET","url":"/favicon.ico"}
{"level":40,"time":1680027367455,"pid":19069,"hostname":"cucho-hp","method":"GET","url":"/favicon.ico"}
{"level":40,"time":1680027377977,"pid":19069,"hostname":"cucho-hp","method":"GET","url":"/favicon.ico"}
{"level":40,"time":1680027378182,"pid":19069,"hostname":"cucho-hp","method":"GET","url":"/favicon.ico"}
{"level":40,"time":1680027402936,"pid":19069,"hostname":"cucho-hp","method":"GET","url":"/favicon.ico"}
{"level":40,"time":1680027409649,"pid":19069,"hostname":"cucho-hp","method":"GET","url":"/favicon.ico"}
{"level":40,"time":1680027503639,"pid":19564,"hostname":"cucho-hp","method":"GET","url":"/favicon.ico"}
{"level":40,"time":1680027602141,"pid":19694,"hostname":"cucho-hp","method":"GET","url":"/favicon.ico"}
{"level":40,"time":1680027602356,"pid":19694,"hostname":"cucho-hp","method":"GET","url":"/favicon.ico"}
{"level":40,"time":1680027631242,"pid":19694,"hostname":"cucho-hp","method":"GET","url":"/favicon.ico"}
{"level":40,"time":1680027755271,"pid":20064,"hostname":"cucho-hp","method":"GET","url":"/favicon.ico"}
{"level":40,"time":1680027755483,"pid":20064,"hostname":"cucho-hp","method":"GET","url":"/favicon.ico"}
{"level":40,"time":1680027760704,"pid":20064,"hostname":"cucho-hp","method":"GET","url":"/favicon.ico"}
{"level":40,"time":1680027796329,"pid":20209,"hostname":"cucho-hp","method":"GET","url":"/favicon.ico"}
{"level":40,"time":1680027796533,"pid":20209,"hostname":"cucho-hp","method":"GET","url":"/favicon.ico"}
{"level":40,"time":1680027824767,"pid":20209,"hostname":"cucho-hp","method":"GET","url":"/favicon.ico"}
{"level":40,"time":1680028408736,"pid":20505,"hostname":"cucho-hp","method":"GET","url":"/favicon.ico"}
{"level":40,"time":1680028408936,"pid":20505,"hostname":"cucho-hp","method":"GET","url":"/favicon.ico"}
{"level":40,"time":1680028432572,"pid":20505,"hostname":"cucho-hp","method":"GET","url":"/favicon.ico"}
{"level":40,"time":1680028604007,"pid":20781,"hostname":"cucho-hp","method":"GET","url":"/favicon.ico"}
{"level":40,"time":1680028604403,"pid":20781,"hostname":"cucho-hp","method":"GET","url":"/favicon.ico"}
{"level":40,"time":1680028674585,"pid":21046,"hostname":"cucho-hp","method":"GET","url":"/favicon.ico"}
{"level":40,"time":1680028681658,"pid":21159,"hostname":"cucho-hp","method":"GET","url":"/favicon.ico"}
{"level":40,"time":1680028681871,"pid":21159,"hostname":"cucho-hp","method":"GET","url":"/favicon.ico"}
{"level":40,"time":1680028764595,"pid":21340,"hostname":"cucho-hp","method":"GET","url":"/favicon.ico"}
{"level":40,"time":1680028764819,"pid":21340,"hostname":"cucho-hp","method":"GET","url":"/favicon.ico"}
{"level":40,"time":1680028787053,"pid":21340,"hostname":"cucho-hp","method":"GET","url":"/favicon.ico"}
{"level":40,"time":1680028788019,"pid":21340,"hostname":"cucho-hp","method":"GET","url":"/favicon.ico"}
{"level":40,"time":1680028788220,"pid":21340,"hostname":"cucho-hp","method":"GET","url":"/favicon.ico"}
{"level":40,"time":1680028883919,"pid":21490,"hostname":"cucho-hp","method":"GET","url":"/favicon.ico"}
{"level":40,"time":1680028928372,"pid":21724,"hostname":"cucho-hp","method":"GET","url":"/favicon.ico"}
{"level":40,"time":1680028928730,"pid":21724,"hostname":"cucho-hp","method":"GET","url":"/favicon.ico"}
{"level":40,"time":1680028957122,"pid":21724,"hostname":"cucho-hp","method":"GET","url":"/favicon.ico"}
{"level":40,"time":1680028965713,"pid":21859,"hostname":"cucho-hp","method":"GET","url":"/favicon.ico"}
{"level":40,"time":1680028965910,"pid":21859,"hostname":"cucho-hp","method":"GET","url":"/favicon.ico"}
{"level":40,"time":1680029086471,"pid":22063,"hostname":"cucho-hp","method":"GET","url":"/favicon.ico"}
{"level":40,"time":1680029086856,"pid":22063,"hostname":"cucho-hp","method":"GET","url":"/favicon.ico"}
{"level":40,"time":1680029227249,"pid":22234,"hostname":"cucho-hp","method":"GET","url":"/favicon.ico"}
{"level":40,"time":1680029227452,"pid":22234,"hostname":"cucho-hp","method":"GET","url":"/favicon.ico"}
{"level":40,"time":1680029319780,"pid":22456,"hostname":"cucho-hp","method":"GET","url":"/favicon.ico"}
{"level":40,"time":1680029320024,"pid":22456,"hostname":"cucho-hp","method":"GET","url":"/favicon.ico"}
{"level":40,"time":1680029355948,"pid":22576,"hostname":"cucho-hp","method":"GET","url":"/favicon.ico"}
{"level":40,"time":1680029358442,"pid":22576,"hostname":"cucho-hp","method":"GET","url":"/none"}
{"level":40,"time":1680029358765,"pid":22576,"hostname":"cucho-hp","method":"GET","url":"/favicon.ico"}
{"level":40,"time":1680029442096,"pid":22721,"hostname":"cucho-hp","method":"GET","url":"/login/undefined"}
{"level":40,"time":1680029494186,"pid":22862,"hostname":"cucho-hp","method":"GET","url":"/favicon.ico"}
{"level":40,"time":1680029494389,"pid":22862,"hostname":"cucho-hp","method":"GET","url":"/favicon.ico"}
{"level":40,"time":1680029628486,"pid":23233,"hostname":"cucho-hp","method":"GET","url":"/favicon.ico"}
{"level":40,"time":1680029628815,"pid":23233,"hostname":"cucho-hp","method":"GET","url":"/favicon.ico"}
{"level":40,"time":1680029638383,"pid":23233,"hostname":"cucho-hp","method":"GET","url":"/favicon.ico"}
{"level":40,"time":1680035687079,"pid":24303,"hostname":"cucho-hp","method":"GET","url":"/favicon.ico"}
{"level":40,"time":1680035687516,"pid":24303,"hostname":"cucho-hp","method":"GET","url":"/favicon.ico"}
{"level":40,"time":1680035698634,"pid":24303,"hostname":"cucho-hp","method":"GET","url":"/favicon.ico"}
{"level":40,"time":1680035874367,"pid":24643,"hostname":"cucho-hp","method":"GET","url":"/favicon.ico"}
{"level":40,"time":1680035874696,"pid":24643,"hostname":"cucho-hp","method":"GET","url":"/favicon.ico"}
{"level":40,"time":1680035883410,"pid":24643,"hostname":"cucho-hp","method":"GET","url":"/favicon.ico"}
{"level":40,"time":1680036143215,"pid":24984,"hostname":"cucho-hp","method":"GET","url":"/favicon.ico"}
{"level":40,"time":1680036143602,"pid":24984,"hostname":"cucho-hp","method":"GET","url":"/favicon.ico"}
{"level":40,"time":1680036154210,"pid":24984,"hostname":"cucho-hp","method":"GET","url":"/favicon.ico"}
{"level":40,"time":1680036462302,"pid":25222,"hostname":"cucho-hp","method":"GET","url":"/favicon.ico"}
{"level":40,"time":1680036462632,"pid":25222,"hostname":"cucho-hp","method":"GET","url":"/favicon.ico"}
{"level":40,"time":1680036465741,"pid":25222,"hostname":"cucho-hp","method":"GET","url":"/favicon.ico"}
{"level":40,"time":1680036468157,"pid":25222,"hostname":"cucho-hp","method":"GET","url":"/"}
{"level":40,"time":1680036468493,"pid":25222,"hostname":"cucho-hp","method":"GET","url":"/favicon.ico"}
{"level":40,"time":1680036532813,"pid":25222,"hostname":"cucho-hp","method":"GET","url":"/"}
{"level":40,"time":1680036533323,"pid":25222,"hostname":"cucho-hp","method":"GET","url":"/favicon.ico"}
{"level":40,"time":1680036534963,"pid":25222,"hostname":"cucho-hp","method":"GET","url":"/favicon.ico"}
{"level":40,"time":1680036537689,"pid":25222,"hostname":"cucho-hp","method":"GET","url":"/"}
{"level":40,"time":1680036538034,"pid":25222,"hostname":"cucho-hp","method":"GET","url":"/favicon.ico"}
{"level":40,"time":1680036539490,"pid":25222,"hostname":"cucho-hp","method":"GET","url":"/favicon.ico"}
{"level":40,"time":1680036539511,"pid":25222,"hostname":"cucho-hp","method":"GET","url":"/favicon.ico"}
{"level":40,"time":1680036541750,"pid":25222,"hostname":"cucho-hp","method":"GET","url":"/favicon.ico"}
{"level":40,"time":1680036541961,"pid":25222,"hostname":"cucho-hp","method":"GET","url":"/favicon.ico"}
{"level":40,"time":1680642865147,"pid":7382,"hostname":"cucho-hp","method":"GET","url":"/"}
{"level":40,"time":1680642865656,"pid":7382,"hostname":"cucho-hp","method":"GET","url":"/favicon.ico"}
{"level":40,"time":1680642867111,"pid":7382,"hostname":"cucho-hp","method":"GET","url":"/favicon.ico"}
{"level":40,"time":1680642869162,"pid":7382,"hostname":"cucho-hp","method":"GET","url":"/favicon.ico"}
{"level":40,"time":1680642889939,"pid":7382,"hostname":"cucho-hp","method":"GET","url":"/favicon.ico"}
{"level":40,"time":1680643015162,"pid":7674,"hostname":"cucho-hp","method":"GET","url":"/"}
{"level":40,"time":1680643015638,"pid":7674,"hostname":"cucho-hp","method":"GET","url":"/favicon.ico"}
{"level":40,"time":1680643016886,"pid":7674,"hostname":"cucho-hp","method":"GET","url":"/favicon.ico"}
{"level":40,"time":1680643018539,"pid":7674,"hostname":"cucho-hp","method":"GET","url":"/favicon.ico"}
{"level":40,"time":1680643081411,"pid":7889,"hostname":"cucho-hp","method":"GET","url":"/"}
{"level":40,"time":1680643081508,"pid":7889,"hostname":"cucho-hp","method":"GET","url":"/favicon.ico"}
{"level":40,"time":1680643083088,"pid":7889,"hostname":"cucho-hp","method":"GET","url":"/favicon.ico"}
{"level":40,"time":1680643084146,"pid":7889,"hostname":"cucho-hp","method":"GET","url":"/favicon.ico"}
{"level":40,"time":1680643103776,"pid":8025,"hostname":"cucho-hp","method":"GET","url":"/favicon.ico"}
{"level":40,"time":1680643115731,"pid":8025,"hostname":"cucho-hp","method":"GET","url":"/favicon.ico"}
{"level":40,"time":1680643118245,"pid":8025,"hostname":"cucho-hp","method":"GET","url":"/"}
{"level":40,"time":1680643118328,"pid":8025,"hostname":"cucho-hp","method":"GET","url":"/favicon.ico"}
{"level":40,"time":1680643265783,"pid":8217,"hostname":"cucho-hp","method":"GET","url":"/"}
{"level":40,"time":1680643265892,"pid":8217,"hostname":"cucho-hp","method":"GET","url":"/favicon.ico"}
{"level":40,"time":1680643267465,"pid":8217,"hostname":"cucho-hp","method":"GET","url":"/favicon.ico"}
{"level":40,"time":1680643270374,"pid":8217,"hostname":"cucho-hp","method":"GET","url":"/favicon.ico"}
{"level":40,"time":1680643416832,"pid":8398,"hostname":"cucho-hp","method":"GET","url":"/favicon.ico"}
{"level":40,"time":1680649983169,"pid":15242,"hostname":"cucho-hp","method":"GET","url":"/favicon.ico"}
{"level":40,"time":1680650020175,"pid":15242,"hostname":"cucho-hp","method":"GET","url":"/favicon.ico"}
{"level":40,"time":1680650049285,"pid":15242,"hostname":"cucho-hp","method":"GET","url":"/favicon.ico"}
{"level":40,"time":1680650051777,"pid":15242,"hostname":"cucho-hp","method":"GET","url":"/favicon.ico"}
{"level":40,"time":1680650124857,"pid":15619,"hostname":"cucho-hp","method":"GET","url":"/favicon.ico"}
{"level":40,"time":1680650128824,"pid":15619,"hostname":"cucho-hp","method":"GET","url":"/favicon.ico"}
{"level":40,"time":1680650133664,"pid":15619,"hostname":"cucho-hp","method":"GET","url":"/"}
{"level":40,"time":1680650133807,"pid":15619,"hostname":"cucho-hp","method":"GET","url":"/favicon.ico"}
{"level":40,"time":1683315004121,"pid":4273,"hostname":"cucho-hp","method":"GET","url":"/"}
{"level":40,"time":1683315004516,"pid":4273,"hostname":"cucho-hp","method":"GET","url":"/favicon.ico"}
{"level":40,"time":1683315005836,"pid":4273,"hostname":"cucho-hp","method":"GET","url":"/favicon.ico"}
{"level":40,"time":1683323120821,"pid":12687,"hostname":"cucho-hp","method":"GET","url":"/"}
{"level":40,"time":1683323121666,"pid":12687,"hostname":"cucho-hp","method":"GET","url":"/favicon.ico"}
{"level":40,"time":1683323122613,"pid":12687,"hostname":"cucho-hp","method":"GET","url":"/favicon.ico"}
{"level":40,"time":1683323638398,"pid":13831,"hostname":"cucho-hp","method":"GET","url":"/favicon.ico"}
{"level":40,"time":1683323643205,"pid":13831,"hostname":"cucho-hp","method":"GET","url":"/"}
{"level":40,"time":1683323643457,"pid":13831,"hostname":"cucho-hp","method":"GET","url":"/favicon.ico"}
{"level":40,"time":1683323822794,"pid":14017,"hostname":"cucho-hp","method":"GET","url":"/"}
{"level":40,"time":1683323823198,"pid":14017,"hostname":"cucho-hp","method":"GET","url":"/favicon.ico"}
{"level":40,"time":1683323824718,"pid":14017,"hostname":"cucho-hp","method":"GET","url":"/favicon.ico"}
{"level":40,"time":1683323829271,"pid":14017,"hostname":"cucho-hp","method":"GET","url":"/favicon.ico"}
{"level":40,"time":1683323834283,"pid":14017,"hostname":"cucho-hp","method":"GET","url":"/"}
{"level":40,"time":1683323834590,"pid":14017,"hostname":"cucho-hp","method":"GET","url":"/favicon.ico"}
{"level":50,"time":1683324047417,"pid":14201,"hostname":"cucho-hp","err":{"type":"TypeError","message":"Cannot destructure property 'user' of 'req.session.passport' as it is undefined.","stack":"TypeError: Cannot destructure property 'user' of 'req.session.passport' as it is undefined.\n    at file:///home/porlanagustin/Programacion/CoderhouseBackend/backend/Tercera%20entrega%20del%20proyecto%20final/src/routes/routes.js:50:13\n    at Layer.handle [as handle_request] (/home/porlanagustin/Programacion/CoderhouseBackend/backend/Tercera entrega del proyecto final/node_modules/express/lib/router/layer.js:95:5)\n    at next (/home/porlanagustin/Programacion/CoderhouseBackend/backend/Tercera entrega del proyecto final/node_modules/express/lib/router/route.js:144:13)\n    at Route.dispatch (/home/porlanagustin/Programacion/CoderhouseBackend/backend/Tercera entrega del proyecto final/node_modules/express/lib/router/route.js:114:3)\n    at Layer.handle [as handle_request] (/home/porlanagustin/Programacion/CoderhouseBackend/backend/Tercera entrega del proyecto final/node_modules/express/lib/router/layer.js:95:5)\n    at /home/porlanagustin/Programacion/CoderhouseBackend/backend/Tercera entrega del proyecto final/node_modules/express/lib/router/index.js:284:15\n    at Function.process_params (/home/porlanagustin/Programacion/CoderhouseBackend/backend/Tercera entrega del proyecto final/node_modules/express/lib/router/index.js:346:12)\n    at next (/home/porlanagustin/Programacion/CoderhouseBackend/backend/Tercera entrega del proyecto final/node_modules/express/lib/router/index.js:280:10)\n    at Function.handle (/home/porlanagustin/Programacion/CoderhouseBackend/backend/Tercera entrega del proyecto final/node_modules/express/lib/router/index.js:175:3)\n    at router (/home/porlanagustin/Programacion/CoderhouseBackend/backend/Tercera entrega del proyecto final/node_modules/express/lib/router/index.js:47:12)"},"msg":"Cannot destructure property 'user' of 'req.session.passport' as it is undefined."}
{"level":50,"time":1683324058460,"pid":14305,"hostname":"cucho-hp","err":{"type":"TypeError","message":"Cannot destructure property 'user' of 'req.session.passport' as it is undefined.","stack":"TypeError: Cannot destructure property 'user' of 'req.session.passport' as it is undefined.\n    at file:///home/porlanagustin/Programacion/CoderhouseBackend/backend/Tercera%20entrega%20del%20proyecto%20final/src/routes/routes.js:50:13\n    at Layer.handle [as handle_request] (/home/porlanagustin/Programacion/CoderhouseBackend/backend/Tercera entrega del proyecto final/node_modules/express/lib/router/layer.js:95:5)\n    at next (/home/porlanagustin/Programacion/CoderhouseBackend/backend/Tercera entrega del proyecto final/node_modules/express/lib/router/route.js:144:13)\n    at Route.dispatch (/home/porlanagustin/Programacion/CoderhouseBackend/backend/Tercera entrega del proyecto final/node_modules/express/lib/router/route.js:114:3)\n    at Layer.handle [as handle_request] (/home/porlanagustin/Programacion/CoderhouseBackend/backend/Tercera entrega del proyecto final/node_modules/express/lib/router/layer.js:95:5)\n    at /home/porlanagustin/Programacion/CoderhouseBackend/backend/Tercera entrega del proyecto final/node_modules/express/lib/router/index.js:284:15\n    at Function.process_params (/home/porlanagustin/Programacion/CoderhouseBackend/backend/Tercera entrega del proyecto final/node_modules/express/lib/router/index.js:346:12)\n    at next (/home/porlanagustin/Programacion/CoderhouseBackend/backend/Tercera entrega del proyecto final/node_modules/express/lib/router/index.js:280:10)\n    at Function.handle (/home/porlanagustin/Programacion/CoderhouseBackend/backend/Tercera entrega del proyecto final/node_modules/express/lib/router/index.js:175:3)\n    at router (/home/porlanagustin/Programacion/CoderhouseBackend/backend/Tercera entrega del proyecto final/node_modules/express/lib/router/index.js:47:12)"},"msg":"Cannot destructure property 'user' of 'req.session.passport' as it is undefined."}
{"level":40,"time":1683324060514,"pid":14305,"hostname":"cucho-hp","method":"GET","url":"/"}
{"level":40,"time":1683324061034,"pid":14305,"hostname":"cucho-hp","method":"GET","url":"/favicon.ico"}
{"level":40,"time":1683324062413,"pid":14305,"hostname":"cucho-hp","method":"GET","url":"/favicon.ico"}
{"level":40,"time":1683324067142,"pid":14305,"hostname":"cucho-hp","method":"GET","url":"/favicon.ico"}
{"level":40,"time":1683324072087,"pid":14305,"hostname":"cucho-hp","method":"GET","url":"/"}
{"level":40,"time":1683324072343,"pid":14305,"hostname":"cucho-hp","method":"GET","url":"/favicon.ico"}
{"level":40,"time":1683324217697,"pid":14469,"hostname":"cucho-hp","method":"GET","url":"/"}
{"level":40,"time":1683324218109,"pid":14469,"hostname":"cucho-hp","method":"GET","url":"/favicon.ico"}
{"level":40,"time":1683324219555,"pid":14469,"hostname":"cucho-hp","method":"GET","url":"/favicon.ico"}
{"level":40,"time":1683324225044,"pid":14469,"hostname":"cucho-hp","method":"GET","url":"/favicon.ico"}
{"level":40,"time":1683324230163,"pid":14469,"hostname":"cucho-hp","method":"GET","url":"/"}
{"level":40,"time":1683324230339,"pid":14469,"hostname":"cucho-hp","method":"GET","url":"/favicon.ico"}
{"level":40,"time":1683324274333,"pid":14632,"hostname":"cucho-hp","method":"GET","url":"/favicon.ico"}
{"level":40,"time":1683324278087,"pid":14632,"hostname":"cucho-hp","method":"GET","url":"/favicon.ico"}
{"level":40,"time":1683324283118,"pid":14632,"hostname":"cucho-hp","method":"GET","url":"/"}
{"level":40,"time":1683324283413,"pid":14632,"hostname":"cucho-hp","method":"GET","url":"/favicon.ico"}
{"level":40,"time":1683324411824,"pid":14815,"hostname":"cucho-hp","method":"GET","url":"/favicon.ico"}
{"level":40,"time":1683324415353,"pid":14815,"hostname":"cucho-hp","method":"GET","url":"/favicon.ico"}
{"level":40,"time":1683324420527,"pid":14815,"hostname":"cucho-hp","method":"GET","url":"/"}
{"level":40,"time":1683324420732,"pid":14815,"hostname":"cucho-hp","method":"GET","url":"/favicon.ico"}
{"level":40,"time":1683324455522,"pid":14963,"hostname":"cucho-hp","method":"GET","url":"/favicon.ico"}
{"level":40,"time":1683324462282,"pid":14963,"hostname":"cucho-hp","method":"GET","url":"/favicon.ico"}
{"level":40,"time":1683324467271,"pid":14963,"hostname":"cucho-hp","method":"GET","url":"/"}
{"level":40,"time":1683324467529,"pid":14963,"hostname":"cucho-hp","method":"GET","url":"/favicon.ico"}
{"level":40,"time":1683325341234,"pid":15507,"hostname":"cucho-hp","method":"GET","url":"/favicon.ico"}
{"level":40,"time":1683325345197,"pid":15507,"hostname":"cucho-hp","method":"GET","url":"/css/style.css"}
{"level":40,"time":1683325345708,"pid":15507,"hostname":"cucho-hp","method":"GET","url":"/favicon.ico"}
{"level":40,"time":1683325350782,"pid":15507,"hostname":"cucho-hp","method":"GET","url":"/css/style.css"}
{"level":40,"time":1683325350783,"pid":15507,"hostname":"cucho-hp","method":"GET","url":"/"}
{"level":40,"time":1683325351339,"pid":15507,"hostname":"cucho-hp","method":"GET","url":"/favicon.ico"}
{"level":40,"time":1683325393358,"pid":15696,"hostname":"cucho-hp","method":"GET","url":"/favicon.ico"}
{"level":40,"time":1683325397316,"pid":15696,"hostname":"cucho-hp","method":"GET","url":"/favicon.ico"}
{"level":40,"time":1683325402224,"pid":15696,"hostname":"cucho-hp","method":"GET","url":"/css/style.css"}
{"level":40,"time":1683325402225,"pid":15696,"hostname":"cucho-hp","method":"GET","url":"/"}
{"level":40,"time":1683325402743,"pid":15696,"hostname":"cucho-hp","method":"GET","url":"/favicon.ico"}
{"level":40,"time":1683325570215,"pid":15892,"hostname":"cucho-hp","method":"GET","url":"/favicon.ico"}
{"level":40,"time":1683325591468,"pid":15992,"hostname":"cucho-hp","method":"GET","url":"/favicon.ico"}
{"level":40,"time":1683325595252,"pid":15992,"hostname":"cucho-hp","method":"GET","url":"/css/style.css"}
{"level":40,"time":1683325595743,"pid":15992,"hostname":"cucho-hp","method":"GET","url":"/favicon.ico"}
{"level":40,"time":1683325600744,"pid":15992,"hostname":"cucho-hp","method":"GET","url":"/css/style.css"}
{"level":40,"time":1683325600746,"pid":15992,"hostname":"cucho-hp","method":"GET","url":"/"}
{"level":40,"time":1683325601294,"pid":15992,"hostname":"cucho-hp","method":"GET","url":"/favicon.ico"}
{"level":40,"time":1683325823260,"pid":16207,"hostname":"cucho-hp","method":"GET","url":"/favicon.ico"}
{"level":40,"time":1683325864972,"pid":16207,"hostname":"cucho-hp","method":"GET","url":"/css/style.css"}
{"level":40,"time":1683325865381,"pid":16207,"hostname":"cucho-hp","method":"GET","url":"/favicon.ico"}
{"level":40,"time":1683325870500,"pid":16207,"hostname":"cucho-hp","method":"GET","url":"/"}
{"level":40,"time":1683325870501,"pid":16207,"hostname":"cucho-hp","method":"GET","url":"/css/style.css"}
{"level":40,"time":1683325871113,"pid":16207,"hostname":"cucho-hp","method":"GET","url":"/favicon.ico"}
{"level":40,"time":1683325895354,"pid":16379,"hostname":"cucho-hp","method":"GET","url":"/favicon.ico"}
{"level":40,"time":1683325898456,"pid":16379,"hostname":"cucho-hp","method":"GET","url":"/css/style.css"}
{"level":40,"time":1683325898881,"pid":16379,"hostname":"cucho-hp","method":"GET","url":"/favicon.ico"}
{"level":40,"time":1683325904062,"pid":16379,"hostname":"cucho-hp","method":"GET","url":"/css/style.css"}
{"level":40,"time":1683325904064,"pid":16379,"hostname":"cucho-hp","method":"GET","url":"/"}
{"level":40,"time":1683325904597,"pid":16379,"hostname":"cucho-hp","method":"GET","url":"/favicon.ico"}
{"level":40,"time":1683325924318,"pid":16379,"hostname":"cucho-hp","method":"GET","url":"/css/style.css"}
{"level":40,"time":1683325924319,"pid":16379,"hostname":"cucho-hp","method":"GET","url":"/login/css/style.css"}
{"level":40,"time":1683325924977,"pid":16379,"hostname":"cucho-hp","method":"GET","url":"/"}
{"level":40,"time":1683325925180,"pid":16379,"hostname":"cucho-hp","method":"GET","url":"/favicon.ico"}
{"level":40,"time":1683325932341,"pid":16541,"hostname":"cucho-hp","method":"GET","url":"/favicon.ico"}
{"level":40,"time":1683325937162,"pid":16541,"hostname":"cucho-hp","method":"GET","url":"/css/style.css"}
{"level":40,"time":1683325937573,"pid":16541,"hostname":"cucho-hp","method":"GET","url":"/favicon.ico"}
{"level":40,"time":1683325942722,"pid":16541,"hostname":"cucho-hp","method":"GET","url":"/css/style.css"}
{"level":40,"time":1683325942723,"pid":16541,"hostname":"cucho-hp","method":"GET","url":"/login/css/style.css"}
{"level":40,"time":1683325942831,"pid":16541,"hostname":"cucho-hp","method":"GET","url":"/"}
{"level":40,"time":1683325943509,"pid":16541,"hostname":"cucho-hp","method":"GET","url":"/favicon.ico"}
{"level":40,"time":1683325971944,"pid":16729,"hostname":"cucho-hp","method":"GET","url":"/favicon.ico"}
{"level":40,"time":1683325976382,"pid":16729,"hostname":"cucho-hp","method":"GET","url":"/css/style.css"}
{"level":40,"time":1683325976893,"pid":16729,"hostname":"cucho-hp","method":"GET","url":"/favicon.ico"}
{"level":40,"time":1683325981914,"pid":16729,"hostname":"cucho-hp","method":"GET","url":"/css/style.css"}
{"level":40,"time":1683325981929,"pid":16729,"hostname":"cucho-hp","method":"GET","url":"/login/css/style.css"}
{"level":40,"time":1683325982068,"pid":16729,"hostname":"cucho-hp","method":"GET","url":"/"}
{"level":40,"time":1683325982514,"pid":16729,"hostname":"cucho-hp","method":"GET","url":"/favicon.ico"}
{"level":50,"time":1683326242540,"pid":17070,"hostname":"cucho-hp","err":{"type":"TypeError","message":"Cannot destructure property 'user' of 'req.session.passport' as it is undefined.","stack":"TypeError: Cannot destructure property 'user' of 'req.session.passport' as it is undefined.\n    at file:///home/porlanagustin/Programacion/CoderhouseBackend/backend/Tercera%20entrega%20del%20proyecto%20final/src/routes/routes.js:50:13\n    at Layer.handle [as handle_request] (/home/porlanagustin/Programacion/CoderhouseBackend/backend/Tercera entrega del proyecto final/node_modules/express/lib/router/layer.js:95:5)\n    at next (/home/porlanagustin/Programacion/CoderhouseBackend/backend/Tercera entrega del proyecto final/node_modules/express/lib/router/route.js:144:13)\n    at Route.dispatch (/home/porlanagustin/Programacion/CoderhouseBackend/backend/Tercera entrega del proyecto final/node_modules/express/lib/router/route.js:114:3)\n    at Layer.handle [as handle_request] (/home/porlanagustin/Programacion/CoderhouseBackend/backend/Tercera entrega del proyecto final/node_modules/express/lib/router/layer.js:95:5)\n    at /home/porlanagustin/Programacion/CoderhouseBackend/backend/Tercera entrega del proyecto final/node_modules/express/lib/router/index.js:284:15\n    at Function.process_params (/home/porlanagustin/Programacion/CoderhouseBackend/backend/Tercera entrega del proyecto final/node_modules/express/lib/router/index.js:346:12)\n    at next (/home/porlanagustin/Programacion/CoderhouseBackend/backend/Tercera entrega del proyecto final/node_modules/express/lib/router/index.js:280:10)\n    at Function.handle (/home/porlanagustin/Programacion/CoderhouseBackend/backend/Tercera entrega del proyecto final/node_modules/express/lib/router/index.js:175:3)\n    at router (/home/porlanagustin/Programacion/CoderhouseBackend/backend/Tercera entrega del proyecto final/node_modules/express/lib/router/index.js:47:12)"},"msg":"Cannot destructure property 'user' of 'req.session.passport' as it is undefined."}
{"level":40,"time":1683326247095,"pid":17070,"hostname":"cucho-hp","method":"GET","url":"/favicon.ico"}
{"level":40,"time":1683326250405,"pid":17070,"hostname":"cucho-hp","method":"GET","url":"/css/style.css"}
{"level":40,"time":1683326250895,"pid":17070,"hostname":"cucho-hp","method":"GET","url":"/favicon.ico"}
{"level":40,"time":1683326256034,"pid":17070,"hostname":"cucho-hp","method":"GET","url":"/css/style.css"}
{"level":40,"time":1683326256117,"pid":17070,"hostname":"cucho-hp","method":"GET","url":"/login/css/style.css"}
{"level":40,"time":1683326256248,"pid":17070,"hostname":"cucho-hp","method":"GET","url":"/"}
{"level":40,"time":1683326256705,"pid":17070,"hostname":"cucho-hp","method":"GET","url":"/favicon.ico"}
{"level":40,"time":1683326333714,"pid":17070,"hostname":"cucho-hp","method":"GET","url":"/"}
{"level":40,"time":1683326333718,"pid":17070,"hostname":"cucho-hp","method":"GET","url":"/css//style.css"}
{"level":40,"time":1683326334266,"pid":17070,"hostname":"cucho-hp","method":"GET","url":"/favicon.ico"}
{"level":40,"time":1683326337903,"pid":17070,"hostname":"cucho-hp","method":"GET","url":"/"}
{"level":40,"time":1683326337905,"pid":17070,"hostname":"cucho-hp","method":"GET","url":"/css//style.css"}
{"level":40,"time":1683326338464,"pid":17070,"hostname":"cucho-hp","method":"GET","url":"/favicon.ico"}
{"level":40,"time":1683326349845,"pid":17374,"hostname":"cucho-hp","method":"GET","url":"/favicon.ico"}
{"level":40,"time":1683326354339,"pid":17374,"hostname":"cucho-hp","method":"GET","url":"/css//style.css"}
{"level":40,"time":1683326354747,"pid":17374,"hostname":"cucho-hp","method":"GET","url":"/favicon.ico"}
{"level":40,"time":1683326359971,"pid":17374,"hostname":"cucho-hp","method":"GET","url":"/css//style.css"}
{"level":40,"time":1683326359972,"pid":17374,"hostname":"cucho-hp","method":"GET","url":"/"}
{"level":40,"time":1683326360587,"pid":17374,"hostname":"cucho-hp","method":"GET","url":"/favicon.ico"}
{"level":40,"time":1683326504872,"pid":17374,"hostname":"cucho-hp","method":"GET","url":"/"}
{"level":40,"time":1683326504876,"pid":17374,"hostname":"cucho-hp","method":"GET","url":"/css/style.css"}
{"level":40,"time":1683326505480,"pid":17374,"hostname":"cucho-hp","method":"GET","url":"/favicon.ico"}
{"level":40,"time":1683326524997,"pid":17374,"hostname":"cucho-hp","method":"GET","url":"/"}
{"level":40,"time":1683326524998,"pid":17374,"hostname":"cucho-hp","method":"GET","url":"/login/style.css"}
{"level":40,"time":1683326525552,"pid":17374,"hostname":"cucho-hp","method":"GET","url":"/favicon.ico"}
{"level":40,"time":1683326534397,"pid":17650,"hostname":"cucho-hp","method":"GET","url":"/favicon.ico"}
{"level":40,"time":1683326537342,"pid":17650,"hostname":"cucho-hp","method":"GET","url":"/style.css"}
{"level":40,"time":1683326537788,"pid":17650,"hostname":"cucho-hp","method":"GET","url":"/favicon.ico"}
{"level":40,"time":1683326542940,"pid":17650,"hostname":"cucho-hp","method":"GET","url":"/login/style.css"}
{"level":40,"time":1683326542965,"pid":17650,"hostname":"cucho-hp","method":"GET","url":"/"}
{"level":40,"time":1683326543469,"pid":17650,"hostname":"cucho-hp","method":"GET","url":"/favicon.ico"}
{"level":50,"time":1683326593576,"pid":17843,"hostname":"cucho-hp","err":{"type":"TypeError","message":"Cannot destructure property 'user' of 'req.session.passport' as it is undefined.","stack":"TypeError: Cannot destructure property 'user' of 'req.session.passport' as it is undefined.\n    at file:///home/porlanagustin/Programacion/CoderhouseBackend/backend/Tercera%20entrega%20del%20proyecto%20final/src/routes/routes.js:50:13\n    at Layer.handle [as handle_request] (/home/porlanagustin/Programacion/CoderhouseBackend/backend/Tercera entrega del proyecto final/node_modules/express/lib/router/layer.js:95:5)\n    at next (/home/porlanagustin/Programacion/CoderhouseBackend/backend/Tercera entrega del proyecto final/node_modules/express/lib/router/route.js:144:13)\n    at Route.dispatch (/home/porlanagustin/Programacion/CoderhouseBackend/backend/Tercera entrega del proyecto final/node_modules/express/lib/router/route.js:114:3)\n    at Layer.handle [as handle_request] (/home/porlanagustin/Programacion/CoderhouseBackend/backend/Tercera entrega del proyecto final/node_modules/express/lib/router/layer.js:95:5)\n    at /home/porlanagustin/Programacion/CoderhouseBackend/backend/Tercera entrega del proyecto final/node_modules/express/lib/router/index.js:284:15\n    at Function.process_params (/home/porlanagustin/Programacion/CoderhouseBackend/backend/Tercera entrega del proyecto final/node_modules/express/lib/router/index.js:346:12)\n    at next (/home/porlanagustin/Programacion/CoderhouseBackend/backend/Tercera entrega del proyecto final/node_modules/express/lib/router/index.js:280:10)\n    at Function.handle (/home/porlanagustin/Programacion/CoderhouseBackend/backend/Tercera entrega del proyecto final/node_modules/express/lib/router/index.js:175:3)\n    at router (/home/porlanagustin/Programacion/CoderhouseBackend/backend/Tercera entrega del proyecto final/node_modules/express/lib/router/index.js:47:12)"},"msg":"Cannot destructure property 'user' of 'req.session.passport' as it is undefined."}
{"level":40,"time":1683326599960,"pid":17843,"hostname":"cucho-hp","method":"GET","url":"/favicon.ico"}
{"level":40,"time":1683326933833,"pid":18290,"hostname":"cucho-hp","method":"GET","url":"/favicon.ico"}
{"level":40,"time":1683326937303,"pid":18290,"hostname":"cucho-hp","method":"GET","url":"/style.css"}
{"level":40,"time":1683326937718,"pid":18290,"hostname":"cucho-hp","method":"GET","url":"/favicon.ico"}
{"level":40,"time":1683326970891,"pid":18429,"hostname":"cucho-hp","method":"GET","url":"/login/favicon.ico"}
{"level":40,"time":1683326976138,"pid":18429,"hostname":"cucho-hp","method":"GET","url":"/style.css"}
{"level":40,"time":1683326976624,"pid":18429,"hostname":"cucho-hp","method":"GET","url":"/favicon.ico"}
{"level":40,"time":1683328097802,"pid":19284,"hostname":"cucho-hp","method":"GET","url":"/favicon.ico"}
{"level":40,"time":1683328101416,"pid":19284,"hostname":"cucho-hp","method":"GET","url":"/style.css"}
{"level":40,"time":1683328101507,"pid":19284,"hostname":"cucho-hp","method":"GET","url":"/favicon.ico"}
{"level":40,"time":1683328106634,"pid":19284,"hostname":"cucho-hp","method":"GET","url":"/login/style.css"}
{"level":40,"time":1683328106640,"pid":19284,"hostname":"cucho-hp","method":"GET","url":"/"}
{"level":40,"time":1683328106944,"pid":19284,"hostname":"cucho-hp","method":"GET","url":"/favicon.ico"}
{"level":40,"time":1683328120684,"pid":19284,"hostname":"cucho-hp","method":"GET","url":"/login/style.css"}
{"level":40,"time":1683328120686,"pid":19284,"hostname":"cucho-hp","method":"GET","url":"/"}
{"level":40,"time":1683328120973,"pid":19284,"hostname":"cucho-hp","method":"GET","url":"/favicon.ico"}
{"level":40,"time":1683328561829,"pid":19754,"hostname":"cucho-hp","method":"GET","url":"/favicon.ico"}
{"level":40,"time":1683328565087,"pid":19754,"hostname":"cucho-hp","method":"GET","url":"/style.css"}
{"level":40,"time":1683328565290,"pid":19754,"hostname":"cucho-hp","method":"GET","url":"/favicon.ico"}
{"level":40,"time":1683328570408,"pid":19754,"hostname":"cucho-hp","method":"GET","url":"/login/style.css"}
{"level":40,"time":1683328570422,"pid":19754,"hostname":"cucho-hp","method":"GET","url":"/"}
{"level":40,"time":1683328570715,"pid":19754,"hostname":"cucho-hp","method":"GET","url":"/favicon.ico"}
{"level":40,"time":1683328604368,"pid":19989,"hostname":"cucho-hp","method":"GET","url":"/favicon.ico"}
{"level":40,"time":1683328607274,"pid":19989,"hostname":"cucho-hp","method":"GET","url":"/style.css"}
{"level":40,"time":1683328607477,"pid":19989,"hostname":"cucho-hp","method":"GET","url":"/favicon.ico"}
{"level":40,"time":1683328612519,"pid":19989,"hostname":"cucho-hp","method":"GET","url":"/login/style.css"}
{"level":40,"time":1683328612522,"pid":19989,"hostname":"cucho-hp","method":"GET","url":"/"}
{"level":40,"time":1683328612802,"pid":19989,"hostname":"cucho-hp","method":"GET","url":"/favicon.ico"}
{"level":40,"time":1683328787116,"pid":20452,"hostname":"cucho-hp","method":"GET","url":"/favicon.ico"}
{"level":40,"time":1683328790977,"pid":20452,"hostname":"cucho-hp","method":"GET","url":"/favicon.ico"}
{"level":40,"time":1683328795899,"pid":20452,"hostname":"cucho-hp","method":"GET","url":"/login/style.css"}
{"level":40,"time":1683328795948,"pid":20452,"hostname":"cucho-hp","method":"GET","url":"/"}
{"level":40,"time":1683328796303,"pid":20452,"hostname":"cucho-hp","method":"GET","url":"/favicon.ico"}
{"level":40,"time":1683328876639,"pid":20617,"hostname":"cucho-hp","method":"GET","url":"/favicon.ico"}
{"level":40,"time":1683328879964,"pid":20617,"hostname":"cucho-hp","method":"GET","url":"/css/style.css"}
{"level":40,"time":1683328880168,"pid":20617,"hostname":"cucho-hp","method":"GET","url":"/favicon.ico"}
{"level":40,"time":1683328885392,"pid":20617,"hostname":"cucho-hp","method":"GET","url":"/css/style.css"}
{"level":40,"time":1683328885393,"pid":20617,"hostname":"cucho-hp","method":"GET","url":"/"}
{"level":40,"time":1683328885596,"pid":20617,"hostname":"cucho-hp","method":"GET","url":"/favicon.ico"}
{"level":40,"time":1683330243349,"pid":21396,"hostname":"cucho-hp","method":"GET","url":"/favicon.ico"}
{"level":40,"time":1683330247400,"pid":21396,"hostname":"cucho-hp","method":"GET","url":"/css/style.css"}
{"level":40,"time":1683330247520,"pid":21396,"hostname":"cucho-hp","method":"GET","url":"/favicon.ico"}
{"level":40,"time":1683330252687,"pid":21396,"hostname":"cucho-hp","method":"GET","url":"/css/style.css"}
{"level":40,"time":1683330252705,"pid":21396,"hostname":"cucho-hp","method":"GET","url":"/"}
{"level":40,"time":1683330253025,"pid":21396,"hostname":"cucho-hp","method":"GET","url":"/favicon.ico"}
{"level":40,"time":1683330365771,"pid":21665,"hostname":"cucho-hp","method":"GET","url":"/favicon.ico"}
{"level":40,"time":1683330370274,"pid":21665,"hostname":"cucho-hp","method":"GET","url":"/css/style.css"}
{"level":40,"time":1683330370479,"pid":21665,"hostname":"cucho-hp","method":"GET","url":"/favicon.ico"}
{"level":40,"time":1683330375531,"pid":21665,"hostname":"cucho-hp","method":"GET","url":"/"}
{"level":40,"time":1683330375533,"pid":21665,"hostname":"cucho-hp","method":"GET","url":"/css/style.css"}
{"level":40,"time":1683330375761,"pid":21665,"hostname":"cucho-hp","method":"GET","url":"/favicon.ico"}
{"level":40,"time":1683332718983,"pid":22885,"hostname":"cucho-hp","method":"GET","url":"/favicon.ico"}
{"level":40,"time":1683332721045,"pid":22885,"hostname":"cucho-hp","method":"GET","url":"/favicon.ico"}
{"level":40,"time":1683332790153,"pid":22885,"hostname":"cucho-hp","method":"GET","url":"/css/style.css"}
{"level":40,"time":1683332790267,"pid":22885,"hostname":"cucho-hp","method":"GET","url":"/favicon.ico"}
{"level":40,"time":1683332796290,"pid":22885,"hostname":"cucho-hp","method":"GET","url":"/css/style.css"}
{"level":40,"time":1683332796312,"pid":22885,"hostname":"cucho-hp","method":"GET","url":"/"}
{"level":40,"time":1683332796699,"pid":22885,"hostname":"cucho-hp","method":"GET","url":"/favicon.ico"}
{"level":40,"time":1683333063553,"pid":22885,"hostname":"cucho-hp","method":"GET","url":"/css/style.css"}
{"level":40,"time":1683333100026,"pid":23475,"hostname":"cucho-hp","method":"GET","url":"/favicon.ico"}
{"level":40,"time":1683333106356,"pid":23475,"hostname":"cucho-hp","method":"GET","url":"/css/style.css"}
{"level":40,"time":1683333106467,"pid":23475,"hostname":"cucho-hp","method":"GET","url":"/favicon.ico"}
{"level":40,"time":1683333111595,"pid":23475,"hostname":"cucho-hp","method":"GET","url":"/css/style.css"}
{"level":40,"time":1683333111681,"pid":23475,"hostname":"cucho-hp","method":"GET","url":"/"}
{"level":40,"time":1683333111886,"pid":23475,"hostname":"cucho-hp","method":"GET","url":"/favicon.ico"}
{"level":40,"time":1683333165593,"pid":23731,"hostname":"cucho-hp","method":"GET","url":"/favicon.ico"}
{"level":40,"time":1683333168069,"pid":23731,"hostname":"cucho-hp","method":"GET","url":"/favicon.ico"}
{"level":40,"time":1683333223253,"pid":23731,"hostname":"cucho-hp","method":"GET","url":"/css/style.css"}
{"level":40,"time":1683333223457,"pid":23731,"hostname":"cucho-hp","method":"GET","url":"/favicon.ico"}
{"level":40,"time":1683333228629,"pid":23731,"hostname":"cucho-hp","method":"GET","url":"/"}
{"level":40,"time":1683333228631,"pid":23731,"hostname":"cucho-hp","method":"GET","url":"/css/style.css"}
{"level":40,"time":1683333228885,"pid":23731,"hostname":"cucho-hp","method":"GET","url":"/favicon.ico"}
{"level":40,"time":1683333275010,"pid":24037,"hostname":"cucho-hp","method":"GET","url":"/favicon.ico"}
{"level":40,"time":1683333275142,"pid":24037,"hostname":"cucho-hp","method":"GET","url":"/favicon.ico"}
{"level":40,"time":1683333448488,"pid":24269,"hostname":"cucho-hp","method":"GET","url":"/favicon.ico"}
{"level":40,"time":1683333450274,"pid":24269,"hostname":"cucho-hp","method":"GET","url":"/favicon.ico"}
{"level":40,"time":1683333537563,"pid":24490,"hostname":"cucho-hp","method":"GET","url":"/css/style.css"}
{"level":40,"time":1683333537771,"pid":24490,"hostname":"cucho-hp","method":"GET","url":"/favicon.ico"}
{"level":40,"time":1683333542885,"pid":24490,"hostname":"cucho-hp","method":"GET","url":"/css/style.css"}
{"level":40,"time":1683333542896,"pid":24490,"hostname":"cucho-hp","method":"GET","url":"/"}
{"level":40,"time":1683333543187,"pid":24490,"hostname":"cucho-hp","method":"GET","url":"/favicon.ico"}
{"level":40,"time":1683333859207,"pid":24886,"hostname":"cucho-hp","method":"GET","url":"/favicon.ico"}
{"level":40,"time":1683334311633,"pid":25542,"hostname":"cucho-hp","method":"GET","url":"/favicon.ico"}
{"level":40,"time":1683334313791,"pid":25542,"hostname":"cucho-hp","method":"GET","url":"/favicon.ico"}
{"level":40,"time":1683334347500,"pid":25542,"hostname":"cucho-hp","method":"GET","url":"/css/style.css"}
{"level":40,"time":1683334347704,"pid":25542,"hostname":"cucho-hp","method":"GET","url":"/favicon.ico"}
{"level":40,"time":1683334352928,"pid":25542,"hostname":"cucho-hp","method":"GET","url":"/css/style.css"}
{"level":40,"time":1683334352929,"pid":25542,"hostname":"cucho-hp","method":"GET","url":"/"}
{"level":40,"time":1683334353130,"pid":25542,"hostname":"cucho-hp","method":"GET","url":"/favicon.ico"}
{"level":40,"time":1683336524404,"pid":27123,"hostname":"cucho-hp","method":"GET","url":"/favicon.ico"}
{"level":40,"time":1683336533059,"pid":27123,"hostname":"cucho-hp","method":"GET","url":"/favicon.ico"}
{"level":40,"time":1683336671660,"pid":27388,"hostname":"cucho-hp","method":"GET","url":"/favicon.ico"}
{"level":40,"time":1683336673294,"pid":27388,"hostname":"cucho-hp","method":"GET","url":"/favicon.ico"}
{"level":40,"time":1683614484870,"pid":9156,"hostname":"cucho-hp","method":"GET","url":"/"}
{"level":40,"time":1683614484904,"pid":9156,"hostname":"cucho-hp","method":"GET","url":"/css/style.css"}
{"level":40,"time":1683614485346,"pid":9156,"hostname":"cucho-hp","method":"GET","url":"/favicon.ico"}
{"level":40,"time":1683614486807,"pid":9156,"hostname":"cucho-hp","method":"GET","url":"/favicon.ico"}
{"level":40,"time":1683614490495,"pid":9156,"hostname":"cucho-hp","method":"GET","url":"/css/style.css"}
{"level":40,"time":1683614490698,"pid":9156,"hostname":"cucho-hp","method":"GET","url":"/favicon.ico"}
{"level":40,"time":1683614495711,"pid":9156,"hostname":"cucho-hp","method":"GET","url":"/css/style.css"}
{"level":40,"time":1683614495714,"pid":9156,"hostname":"cucho-hp","method":"GET","url":"/"}
{"level":40,"time":1683614496123,"pid":9156,"hostname":"cucho-hp","method":"GET","url":"/favicon.ico"}
{"level":40,"time":1683616001065,"pid":10242,"hostname":"cucho-hp","method":"GET","url":"/"}
{"level":40,"time":1683616001135,"pid":10242,"hostname":"cucho-hp","method":"GET","url":"/css/style.css"}
{"level":40,"time":1683616001541,"pid":10242,"hostname":"cucho-hp","method":"GET","url":"/favicon.ico"}
{"level":40,"time":1683616002927,"pid":10242,"hostname":"cucho-hp","method":"GET","url":"/favicon.ico"}
{"level":40,"time":1683616004417,"pid":10242,"hostname":"cucho-hp","method":"GET","url":"/favicon.ico"}
{"level":40,"time":1683616317504,"pid":10623,"hostname":"cucho-hp","method":"GET","url":"/"}
{"level":40,"time":1683616317560,"pid":10623,"hostname":"cucho-hp","method":"GET","url":"/css/style.css"}
{"level":40,"time":1683616317964,"pid":10623,"hostname":"cucho-hp","method":"GET","url":"/favicon.ico"}
{"level":40,"time":1683616319394,"pid":10623,"hostname":"cucho-hp","method":"GET","url":"/favicon.ico"}
{"level":40,"time":1683616321096,"pid":10623,"hostname":"cucho-hp","method":"GET","url":"/favicon.ico"}
{"level":50,"time":1683616442287,"pid":10831,"hostname":"cucho-hp","err":{"type":"TypeError","message":"Cannot destructure property 'user' of 'req.session.passport' as it is undefined.","stack":"TypeError: Cannot destructure property 'user' of 'req.session.passport' as it is undefined.\n    at file:///home/porlanagustin/Programacion/CoderhouseBackend/backend/Tercera%20entrega%20del%20proyecto%20final/src/routes/routes.js:50:13\n    at Layer.handle [as handle_request] (/home/porlanagustin/Programacion/CoderhouseBackend/backend/Tercera entrega del proyecto final/node_modules/express/lib/router/layer.js:95:5)\n    at next (/home/porlanagustin/Programacion/CoderhouseBackend/backend/Tercera entrega del proyecto final/node_modules/express/lib/router/route.js:144:13)\n    at Route.dispatch (/home/porlanagustin/Programacion/CoderhouseBackend/backend/Tercera entrega del proyecto final/node_modules/express/lib/router/route.js:114:3)\n    at Layer.handle [as handle_request] (/home/porlanagustin/Programacion/CoderhouseBackend/backend/Tercera entrega del proyecto final/node_modules/express/lib/router/layer.js:95:5)\n    at /home/porlanagustin/Programacion/CoderhouseBackend/backend/Tercera entrega del proyecto final/node_modules/express/lib/router/index.js:284:15\n    at Function.process_params (/home/porlanagustin/Programacion/CoderhouseBackend/backend/Tercera entrega del proyecto final/node_modules/express/lib/router/index.js:346:12)\n    at next (/home/porlanagustin/Programacion/CoderhouseBackend/backend/Tercera entrega del proyecto final/node_modules/express/lib/router/index.js:280:10)\n    at Function.handle (/home/porlanagustin/Programacion/CoderhouseBackend/backend/Tercera entrega del proyecto final/node_modules/express/lib/router/index.js:175:3)\n    at router (/home/porlanagustin/Programacion/CoderhouseBackend/backend/Tercera entrega del proyecto final/node_modules/express/lib/router/index.js:47:12)"},"msg":"Cannot destructure property 'user' of 'req.session.passport' as it is undefined."}
{"level":40,"time":1683616703306,"pid":11062,"hostname":"cucho-hp","method":"GET","url":"/favicon.ico"}
{"level":40,"time":1683616705217,"pid":11062,"hostname":"cucho-hp","method":"GET","url":"/favicon.ico"}
{"level":40,"time":1683616745954,"pid":11062,"hostname":"cucho-hp","method":"GET","url":"/css/style.css"}
{"level":40,"time":1683616746156,"pid":11062,"hostname":"cucho-hp","method":"GET","url":"/favicon.ico"}
{"level":40,"time":1683616751183,"pid":11062,"hostname":"cucho-hp","method":"GET","url":"/css/style.css"}
{"level":40,"time":1683616751280,"pid":11062,"hostname":"cucho-hp","method":"GET","url":"/"}
{"level":40,"time":1683616751479,"pid":11062,"hostname":"cucho-hp","method":"GET","url":"/favicon.ico"}
